
 /----------------------------------------------------------------------------\
 |  yosys -- Yosys Open SYnthesis Suite                                       |
 |  Copyright (C) 2012 - 2026  Claire Xenia Wolf <claire@yosyshq.com>         |
 |  Distributed under an ISC-like license, type "license" to see terms        |
 \----------------------------------------------------------------------------/
 Yosys 0.66+154 (git sha1 23aadd92a, Release, GNU /usr/bin/x86_64-w64-mingw32-g++ 13.2.1)

-- Executing script file `design_prep.ys' --

1. Executing RTLIL frontend.
Input filename: design.il

2. Executing SCC pass (detecting logic loops).
Found 0 SCCs in module no_double_commit_across_mode_switch_harness.
Found 0 SCCs.

3. Executing SIMPLEMAP pass (map simple cells to gate primitives).

4. Executing MEMORY_NORDFF pass (extracting $dff cells from memories).

5. Executing ASYNC2SYNC pass.

6. Executing OPT_CLEAN pass (remove unused cells and wires).
Finding unused cells or wires in module \no_double_commit_across_mode_switch_harness..
Removed 26 unused cells and 26 unused wires.
<suppressed ~27 debug messages>

7. Executing FORMALFF pass.

8. Executing OPT_CLEAN pass (remove unused cells and wires).
Finding unused cells or wires in module \no_double_commit_across_mode_switch_harness..
Removed 2 unused cells and 2 unused wires.
<suppressed ~3 debug messages>

9. Executing CHECK pass (checking for obvious problems).
Checking module no_double_commit_across_mode_switch_harness...
Found and reported 0 problems.

10. Executing SETUNDEF pass (replace undef values with defined constants).

11. Executing OPT pass (performing simple optimizations).

11.1. Executing OPT_EXPR pass (perform const folding).
Optimizing module no_double_commit_across_mode_switch_harness.

11.2. Executing OPT_MERGE pass (detect identical cells).
Finding identical cells in module `\no_double_commit_across_mode_switch_harness'.
Computing hashes of 104 cells of `\no_double_commit_across_mode_switch_harness'.
Finding duplicate cells in `\no_double_commit_across_mode_switch_harness'.
Removed a total of 0 cells.

11.3. Executing OPT_DFF pass (perform DFF optimizations).

11.4. Executing OPT_CLEAN pass (remove unused cells and wires).
Finding unused cells or wires in module \no_double_commit_across_mode_switch_harness..
Removed 0 unused cells and 1 unused wires.
<suppressed ~1 debug messages>

11.5. Finished fast OPT passes.

12. Executing OPT_CLEAN pass (remove unused cells and wires).
Finding unused cells or wires in module \no_double_commit_across_mode_switch_harness..

13. Executing RTLIL backend.
Output filename: ../model/design_prep.il

End of script. Logfile hash: 21f90f3835
Yosys 0.66+154 (git sha1 23aadd92a, Release, GNU /usr/bin/x86_64-w64-mingw32-g++ 13.2.1)
Time spent: 5% 4x opt_clean (0 sec), 5% 4x id_gc (0 sec), ...
