
 /----------------------------------------------------------------------------\
 |                                                                            |
 |  yosys -- Yosys Open SYnthesis Suite                                       |
 |                                                                            |
 |  Copyright (C) 2012 - 2020  Claire Xenia Wolf <claire@yosyshq.com>         |
 |                                                                            |
 |  Permission to use, copy, modify, and/or distribute this software for any  |
 |  purpose with or without fee is hereby granted, provided that the above    |
 |  copyright notice and this permission notice appear in all copies.         |
 |                                                                            |
 |  THE SOFTWARE IS PROVIDED "AS IS" AND THE AUTHOR DISCLAIMS ALL WARRANTIES  |
 |  WITH REGARD TO THIS SOFTWARE INCLUDING ALL IMPLIED WARRANTIES OF          |
 |  MERCHANTABILITY AND FITNESS. IN NO EVENT SHALL THE AUTHOR BE LIABLE FOR   |
 |  ANY SPECIAL, DIRECT, INDIRECT, OR CONSEQUENTIAL DAMAGES OR ANY DAMAGES    |
 |  WHATSOEVER RESULTING FROM LOSS OF USE, DATA OR PROFITS, WHETHER IN AN     |
 |  ACTION OF CONTRACT, NEGLIGENCE OR OTHER TORTIOUS ACTION, ARISING OUT OF   |
 |  OR IN CONNECTION WITH THE USE OR PERFORMANCE OF THIS SOFTWARE.            |
 |                                                                            |
 \----------------------------------------------------------------------------/

 Yosys 0.33 (git sha1 2584903a060)


-- Executing script file `design_smt2.ys' --

1. Executing RTLIL frontend.
Input filename: design_prep.il

2. Executing HIERARCHY pass (managing design hierarchy).

2.1. Analyzing design hierarchy..
Top module:  \no_double_commit_across_mode_switch_harness

2.2. Analyzing design hierarchy..
Top module:  \no_double_commit_across_mode_switch_harness
Removed 0 unused modules.
Module no_double_commit_across_mode_switch_harness directly or indirectly contains formal properties -> setting "keep" attribute.

3. Executing FORMALFF pass.

4. Executing DFFUNMAP pass (unmap clock enable and synchronous reset from FFs).

5. Printing statistics.

=== no_double_commit_across_mode_switch_harness ===

   Number of wires:                112
   Number of wire bits:            246
   Number of public wires:          37
   Number of public wire bits:      66
   Number of memories:               0
   Number of memory bits:            0
   Number of processes:              0
   Number of cells:                114
     $add                            1
     $and                            1
     $anyinit                        3
     $anyseq                         9
     $assert                         3
     $assume                         4
     $eq                             1
     $ff                            20
     $logic_and                     13
     $logic_not                     13
     $lt                             1
     $mux                           38
     $neg                            1
     $not                            2
     $or                             1
     $shift                          1
     $shiftx                         2

6. Executing SMT2 backend.

6.1. Executing BMUXMAP pass.

6.2. Executing DEMUXMAP pass.
Creating SMT-LIBv2 representation of module no_double_commit_across_mode_switch_harness.

End of script. Logfile hash: c1940c5a34, CPU: user 0.01s system 0.01s, MEM: 14.87 MB peak
Yosys 0.33 (git sha1 2584903a060)
Time spent: 46% 2x write_smt2 (0 sec), 35% 2x read_rtlil (0 sec), ...
