SBY  4:23:11 [/workspace/formal/results/ibex_reconfiguration] Removing directory '/workspace/formal/results/ibex_reconfiguration'.
SBY  4:23:11 [/workspace/formal/results/ibex_reconfiguration] Copy '/workspace/integrations/ibex/rtl/pipesense_ibex_control.sv' to '/workspace/formal/results/ibex_reconfiguration/src/pipesense_ibex_control.sv'.
SBY  4:23:11 [/workspace/formal/results/ibex_reconfiguration] Copy '/workspace/formal/ibex_reconfiguration_harness.sv' to '/workspace/formal/results/ibex_reconfiguration/src/ibex_reconfiguration_harness.sv'.
SBY  4:23:11 [/workspace/formal/results/ibex_reconfiguration] engine_0: smtbmc cvc4
SBY  4:23:11 [/workspace/formal/results/ibex_reconfiguration] base: starting process "cd /workspace/formal/results/ibex_reconfiguration/src; yosys -ql ../model/design.log ../model/design.ys"
SBY  4:23:11 [/workspace/formal/results/ibex_reconfiguration] base: finished (returncode=0)
SBY  4:23:11 [/workspace/formal/results/ibex_reconfiguration] prep: starting process "cd /workspace/formal/results/ibex_reconfiguration/model; yosys -ql design_prep.log design_prep.ys"
SBY  4:23:11 [/workspace/formal/results/ibex_reconfiguration] prep: finished (returncode=0)
SBY  4:23:11 [/workspace/formal/results/ibex_reconfiguration] smt2: starting process "cd /workspace/formal/results/ibex_reconfiguration/model; yosys -ql design_smt2.log design_smt2.ys"
SBY  4:23:12 [/workspace/formal/results/ibex_reconfiguration] smt2: finished (returncode=0)
SBY  4:23:12 [/workspace/formal/results/ibex_reconfiguration] engine_0: starting process "cd /workspace/formal/results/ibex_reconfiguration; yosys-smtbmc -s cvc4 --presat --unroll --noprogress -t 8  --append 0 --dump-vcd engine_0/trace.vcd --dump-yw engine_0/trace.yw --dump-vlogtb engine_0/trace_tb.v --dump-smtc engine_0/trace.smtc model/design_smt2.smt2"
SBY  4:23:12 [/workspace/formal/results/ibex_reconfiguration] engine_0: ##   0:00:00  Solver: cvc4
SBY  4:23:12 [/workspace/formal/results/ibex_reconfiguration] engine_0: ##   0:00:00  Checking assumptions in step 0..
SBY  4:23:12 [/workspace/formal/results/ibex_reconfiguration] engine_0: ##   0:00:00  Checking assertions in step 0..
SBY  4:23:12 [/workspace/formal/results/ibex_reconfiguration] engine_0: ##   0:00:00  Checking assumptions in step 1..
SBY  4:23:12 [/workspace/formal/results/ibex_reconfiguration] engine_0: ##   0:00:00  Checking assertions in step 1..
SBY  4:23:12 [/workspace/formal/results/ibex_reconfiguration] engine_0: ##   0:00:00  Checking assumptions in step 2..
SBY  4:23:12 [/workspace/formal/results/ibex_reconfiguration] engine_0: ##   0:00:00  Checking assertions in step 2..
SBY  4:23:12 [/workspace/formal/results/ibex_reconfiguration] engine_0: ##   0:00:00  Checking assumptions in step 3..
SBY  4:23:12 [/workspace/formal/results/ibex_reconfiguration] engine_0: ##   0:00:00  Checking assertions in step 3..
SBY  4:23:12 [/workspace/formal/results/ibex_reconfiguration] engine_0: ##   0:00:00  Checking assumptions in step 4..
SBY  4:23:12 [/workspace/formal/results/ibex_reconfiguration] engine_0: ##   0:00:00  Checking assertions in step 4..
SBY  4:23:12 [/workspace/formal/results/ibex_reconfiguration] engine_0: ##   0:00:00  Checking assumptions in step 5..
SBY  4:23:12 [/workspace/formal/results/ibex_reconfiguration] engine_0: ##   0:00:00  Checking assertions in step 5..
SBY  4:23:12 [/workspace/formal/results/ibex_reconfiguration] engine_0: ##   0:00:00  Checking assumptions in step 6..
SBY  4:23:12 [/workspace/formal/results/ibex_reconfiguration] engine_0: ##   0:00:00  Checking assertions in step 6..
SBY  4:23:13 [/workspace/formal/results/ibex_reconfiguration] engine_0: ##   0:00:01  Checking assumptions in step 7..
SBY  4:23:13 [/workspace/formal/results/ibex_reconfiguration] engine_0: ##   0:00:01  Checking assertions in step 7..
SBY  4:23:15 [/workspace/formal/results/ibex_reconfiguration] engine_0: ##   0:00:03  Status: passed
SBY  4:23:15 [/workspace/formal/results/ibex_reconfiguration] engine_0: finished (returncode=0)
SBY  4:23:15 [/workspace/formal/results/ibex_reconfiguration] engine_0: Status returned by engine: pass
SBY  4:23:15 [/workspace/formal/results/ibex_reconfiguration] summary: Elapsed clock time [H:MM:SS (secs)]: 0:00:04 (4)
SBY  4:23:15 [/workspace/formal/results/ibex_reconfiguration] summary: Elapsed process time [H:MM:SS (secs)]: 0:00:03 (3)
SBY  4:23:15 [/workspace/formal/results/ibex_reconfiguration] summary: engine_0 (smtbmc cvc4) returned pass
SBY  4:23:15 [/workspace/formal/results/ibex_reconfiguration] summary: engine_0 did not produce any traces
SBY  4:23:15 [/workspace/formal/results/ibex_reconfiguration] DONE (PASS, rc=0)
