

Info: Logic utilisation before packing:
Info:     Total LUT4s:      8756/83640    10%
Info:         logic LUTs:   8172/83640     9%
Info:         carry LUTs:    584/83640     0%
Info:           RAM LUTs:      0/10455     0%
Info:          RAMW LUTs:      0/20910     0%

Info:      Total DFFs:      2116/83640     2%

Info: Packing IOs..
Info: Packing constants..
Info: Packing carries...
Info: Packing LUTs...
Info: Packing LUT5-7s...
Info: Packing FFs...
Info:     717 FFs paired with LUTs.
Info: Generating derived timing constraints...
Info: Promoting globals...
Info:     promoting clock net clk_i$TRELLIS_IO_IN to global network
Info: Checksum: 0xf147204a

Info: Annotating ports with timing budgets for target frequency 25.00 MHz
Info: Checksum: 0xd1b4c766

Info: Device utilisation:
Info: 	          TRELLIS_IO:     3/  365     0%
Info: 	                DCCA:     1/   56     1%
Info: 	              DP16KD:     0/  208     0%
Info: 	          MULT18X18D:     1/  156     0%
Info: 	              ALU54B:     0/   78     0%
Info: 	             EHXPLLL:     0/    4     0%
Info: 	             EXTREFB:     0/    2     0%
Info: 	                DCUA:     0/    2     0%
Info: 	           PCSCLKDIV:     0/    2     0%
Info: 	             IOLOGIC:     0/  224     0%
Info: 	            SIOLOGIC:     0/  141     0%
Info: 	                 GSR:     0/    1     0%
Info: 	               JTAGG:     0/    1     0%
Info: 	                OSCG:     0/    1     0%
Info: 	               SEDGA:     0/    1     0%
Info: 	                 DTR:     0/    1     0%
Info: 	             USRMCLK:     0/    1     0%
Info: 	             CLKDIVF:     0/    4     0%
Info: 	           ECLKSYNCB:     0/   10     0%
Info: 	             DLLDELD:     0/    8     0%
Info: 	              DDRDLL:     0/    4     0%
Info: 	             DQSBUFM:     0/   14     0%
Info: 	     TRELLIS_ECLKBUF:     0/    8     0%
Info: 	        ECLKBRIDGECS:     0/    2     0%
Info: 	                DCSC:     0/    2     0%
Info: 	          TRELLIS_FF:  2116/83640     2%
Info: 	        TRELLIS_COMB:  8858/83640    10%
Info: 	        TRELLIS_RAMW:     0/10455     0%

Info: Placed 0 cells based on constraints.
Info: Creating initial analytic placement for 8391 cells, random placement wirelen = 833613.
Info:     at initial placer iter 0, wirelen = 2001
Info:     at initial placer iter 1, wirelen = 1950
Info:     at initial placer iter 2, wirelen = 1735
Info:     at initial placer iter 3, wirelen = 1623
Info: Running main analytical placer, max placement attempts per cell = 15067305.
Info:     at iteration #1, type ALL: wirelen solved = 1536, spread = 104587, legal = 122047; time = 0.81s
Info:     at iteration #2, type ALL: wirelen solved = 6567, spread = 79184, legal = 94892; time = 0.72s
Info:     at iteration #3, type ALL: wirelen solved = 12433, spread = 61240, legal = 76453; time = 0.98s
Info:     at iteration #4, type ALL: wirelen solved = 17740, spread = 53654, legal = 68837; time = 0.98s
Info:     at iteration #5, type ALL: wirelen solved = 21988, spread = 55759, legal = 66029; time = 0.60s
Info:     at iteration #6, type ALL: wirelen solved = 27091, spread = 53144, legal = 63458; time = 0.76s
Info:     at iteration #7, type ALL: wirelen solved = 29702, spread = 45109, legal = 61292; time = 0.63s
Info:     at iteration #8, type ALL: wirelen solved = 29450, spread = 43202, legal = 60985; time = 0.56s
Info:     at iteration #9, type ALL: wirelen solved = 29501, spread = 42605, legal = 59485; time = 0.65s
Info:     at iteration #10, type ALL: wirelen solved = 30914, spread = 40916, legal = 59867; time = 0.53s
Info:     at iteration #11, type ALL: wirelen solved = 30800, spread = 41098, legal = 58768; time = 0.53s
Info:     at iteration #12, type ALL: wirelen solved = 31707, spread = 40183, legal = 59217; time = 0.75s
Info:     at iteration #13, type ALL: wirelen solved = 31654, spread = 42611, legal = 57947; time = 0.65s
Info:     at iteration #14, type ALL: wirelen solved = 33767, spread = 41872, legal = 56423; time = 0.63s
Info:     at iteration #15, type ALL: wirelen solved = 34055, spread = 41235, legal = 56687; time = 0.83s
Info:     at iteration #16, type ALL: wirelen solved = 34142, spread = 40519, legal = 56780; time = 1.10s
Info:     at iteration #17, type ALL: wirelen solved = 34331, spread = 40633, legal = 57648; time = 0.45s
Info:     at iteration #18, type ALL: wirelen solved = 34513, spread = 42113, legal = 56050; time = 0.68s
Info:     at iteration #19, type ALL: wirelen solved = 36058, spread = 41260, legal = 56388; time = 0.58s
Info:     at iteration #20, type ALL: wirelen solved = 35894, spread = 43872, legal = 55928; time = 0.61s
Info:     at iteration #21, type ALL: wirelen solved = 37798, spread = 42815, legal = 56624; time = 0.57s
Info:     at iteration #22, type ALL: wirelen solved = 37685, spread = 42419, legal = 57283; time = 0.47s
Info:     at iteration #23, type ALL: wirelen solved = 37577, spread = 42576, legal = 56890; time = 0.40s
Info:     at iteration #24, type ALL: wirelen solved = 37723, spread = 43236, legal = 56679; time = 0.48s
Info:     at iteration #25, type ALL: wirelen solved = 38543, spread = 43398, legal = 58206; time = 0.56s
Info: HeAP Placer Time: 21.58s
Info:   of which solving equations: 7.69s
Info:   of which spreading cells: 2.05s
Info:   of which strict legalisation: 7.01s

Info: Running simulated annealing placer for refinement.
Info:   at iteration #1: temp = 0.000000, timing cost = 6242, wirelen = 55928
Info:   at iteration #5: temp = 0.000000, timing cost = 6072, wirelen = 46865
Info:   at iteration #10: temp = 0.000000, timing cost = 6128, wirelen = 45186
Info:   at iteration #15: temp = 0.000000, timing cost = 6003, wirelen = 44167
Info:   at iteration #20: temp = 0.000000, timing cost = 5812, wirelen = 43809
Info:   at iteration #25: temp = 0.000000, timing cost = 5896, wirelen = 43691
Info:   at iteration #28: temp = 0.000000, timing cost = 5712, wirelen = 43645 
Info: SA placement time 49.96s

Info: Max frequency for clock '$glbnet$clk_i$TRELLIS_IO_IN': 16.84 MHz (FAIL at 25.00 MHz)

Info: Max delay <async>                             -> posedge $glbnet$clk_i$TRELLIS_IO_IN: 20.10 ns
Info: Max delay posedge $glbnet$clk_i$TRELLIS_IO_IN -> <async>                            : 54.45 ns

Info: Slack histogram:
Info:  legend: * represents 24 endpoint(s)
Info:          + represents [1,24) endpoint(s)
Info: [-19368, -16443) |+
Info: [-16443, -13518) |**+
Info: [-13518, -10593) |*********************+
Info: [-10593,  -7668) |**********+
Info: [ -7668,  -4743) |*+
Info: [ -4743,  -1818) |+
Info: [ -1818,   1107) |**+
Info: [  1107,   4032) |**+
Info: [  4032,   6957) |*+
Info: [  6957,   9882) |+
Info: [  9882,  12807) |****+
Info: [ 12807,  15732) |**********+
Info: [ 15732,  18657) |*******+
Info: [ 18657,  21582) |**************+
Info: [ 21582,  24507) |***********************************************************+
Info: [ 24507,  27432) |************************************************************ 
Info: [ 27432,  30357) |*****************************+
Info: [ 30357,  33282) |**+
Info: [ 33282,  36207) |**+
Info: [ 36207,  39132) |********+
Info: Checksum: 0xe01b59b6
Info: Routing globals...
Info:     routing clock net $glbnet$clk_i$TRELLIS_IO_IN using global 0

Info: Routing..
Info: Setting up routing queue.
Info: Routing 30726 arcs.
Info:            |   (re-)routed arcs  |   delta    | remaining|       time spent     |
Info:    IterCnt |  w/ripup   wo/ripup |  w/r  wo/r |      arcs| batch(sec) total(sec)|
Info:       1000 |      637        362 |  637   362 |     30505|       0.84       0.84|
Info:       2000 |     1298        701 |  661   339 |     30418|       0.24       1.08|
Info:       3000 |     1992       1007 |  694   306 |     30327|       0.22       1.30|
Info:       4000 |     2557       1442 |  565   435 |     30313|       0.22       1.52|
Info:       5000 |     3077       1922 |  520   480 |     30277|       0.27       1.78|
Info:       6000 |     3637       2362 |  560   440 |     30168|       0.22       2.00|
Info:       7000 |     4217       2782 |  580   420 |     30123|       0.21       2.21|
Info:       8000 |     4807       3192 |  590   410 |     30108|       0.30       2.51|
Info:       9000 |     5443       3556 |  636   364 |     30081|       0.20       2.71|
Info:      10000 |     6034       3965 |  591   409 |     30034|       0.20       2.91|
Info:      11000 |     6633       4366 |  599   401 |     29964|       0.20       3.11|
Info:      12000 |     7128       4871 |  495   505 |     29985|       0.23       3.34|
Info:      13000 |     7655       5344 |  527   473 |     29936|       0.23       3.57|
Info:      14000 |     8172       5827 |  517   483 |     29935|       0.27       3.84|
Info:      15000 |     8794       6205 |  622   378 |     29912|       0.32       4.16|
Info:      16000 |     9390       6609 |  596   404 |     29900|       0.26       4.41|
Info:      17000 |     9946       7053 |  556   444 |     29868|       0.24       4.65|
Info:      18000 |    10417       7582 |  471   529 |     29791|       0.29       4.95|
Info:      19000 |    11000       7999 |  583   417 |     29746|       0.24       5.18|
Info:      20000 |    11632       8367 |  632   368 |     29695|       0.25       5.43|
Info:      21000 |    12200       8799 |  568   432 |     29700|       0.30       5.73|
Info:      22000 |    12722       9277 |  522   478 |     29640|       0.26       5.99|
Info:      23000 |    13328       9671 |  606   394 |     29668|       0.30       6.28|
Info:      24000 |    13905      10094 |  577   423 |     29568|       0.26       6.55|
Info:      25000 |    14468      10531 |  563   437 |     29489|       0.16       6.70|
Info:      26000 |    15051      10948 |  583   417 |     29430|       0.26       6.96|
Info:      27000 |    15546      11453 |  495   505 |     29314|       0.32       7.28|
Info:      28000 |    16058      11941 |  512   488 |     29204|       0.21       7.49|
Info:      29000 |    16606      12393 |  548   452 |     29108|       0.26       7.75|
Info:      30000 |    17194      12805 |  588   412 |     28977|       0.20       7.95|
Info:      31000 |    17667      13332 |  473   527 |     28816|       0.28       8.24|
Info:      32000 |    18104      13895 |  437   563 |     28927|       0.35       8.59|
Info:      33000 |    18593      14406 |  489   511 |     28694|       0.41       9.00|
Info:      34000 |    19094      14905 |  501   499 |     28527|       0.40       9.40|
Info:      35000 |    19569      15430 |  475   525 |     28349|       0.46       9.86|
Info:      36000 |    20063      15936 |  494   506 |     28266|       0.34      10.21|
Info:      37000 |    20521      16478 |  458   542 |     27980|       0.33      10.53|
Info:      38000 |    20983      17016 |  462   538 |     27760|       0.46      10.99|
Info:      39000 |    21489      17510 |  506   494 |     27618|       0.34      11.33|
Info:      40000 |    21919      18080 |  430   570 |     27296|       0.41      11.74|
Info:      41000 |    22390      18609 |  471   529 |     27073|       0.34      12.08|
Info:      42000 |    22866      19133 |  476   524 |     26772|       0.37      12.45|
Info:      43000 |    23298      19701 |  432   568 |     26417|       0.53      12.99|
Info:      44000 |    23731      20268 |  433   567 |     26074|       0.40      13.39|
Info:      45000 |    24205      20794 |  474   526 |     25816|       0.34      13.73|
Info:      46000 |    24655      21344 |  450   550 |     25532|       0.34      14.07|
Info:      47000 |    25079      21920 |  424   576 |     25244|       0.46      14.53|
Info:      48000 |    25507      22492 |  428   572 |     24893|       0.39      14.91|
Info:      49000 |    25872      23127 |  365   635 |     24521|       0.36      15.28|
Info:      50000 |    26307      23692 |  435   565 |     24299|       0.37      15.65|
Info:      51000 |    26717      24282 |  410   590 |     23940|       0.49      16.14|
Info:      52000 |    27172      24827 |  455   545 |     23877|       0.65      16.79|
Info:      53000 |    27699      25300 |  527   473 |     23710|       0.49      17.27|
Info:      54000 |    28162      25837 |  463   537 |     23400|       0.36      17.63|
Info:      55000 |    28648      26351 |  486   514 |     23373|       0.72      18.35|
Info:      56000 |    29092      26907 |  444   556 |     23048|       0.27      18.61|
Info:      57000 |    29511      27488 |  419   581 |     22873|       0.36      18.97|
Info:      58000 |    29985      28014 |  474   526 |     22659|       0.53      19.50|
Info:      59000 |    30519      28480 |  534   466 |     22478|       0.47      19.97|
Info:      60000 |    30976      29023 |  457   543 |     22321|       0.62      20.59|
Info:      61000 |    31486      29513 |  510   490 |     22175|       0.39      20.98|
Info:      62000 |    31990      30009 |  504   496 |     21939|       0.58      21.55|
Info:      63000 |    32503      30496 |  513   487 |     21669|       0.55      22.10|
Info:      64000 |    32978      31021 |  475   525 |     21386|       0.33      22.43|
Info:      65000 |    33389      31610 |  411   589 |     21053|       0.47      22.89|
Info:      66000 |    33975      32024 |  586   414 |     21244|       0.60      23.50|
Info:      67000 |    34389      32610 |  414   586 |     20823|       0.64      24.14|
Info:      68000 |    34812      33187 |  423   577 |     20485|       0.34      24.47|
Info:      69000 |    35247      33752 |  435   565 |     20212|       0.63      25.10|
Info:      70000 |    35801      34198 |  554   446 |     20069|       0.40      25.50|
Info:      71000 |    36325      34674 |  524   476 |     19931|       0.54      26.04|
Info:      72000 |    36863      35136 |  538   462 |     19623|       0.47      26.50|
Info:      73000 |    37276      35723 |  413   587 |     19498|       0.46      26.96|
Info:      74000 |    37795      36204 |  519   481 |     19229|       0.45      27.41|
Info:      75000 |    38335      36664 |  540   460 |     18975|       0.45      27.86|
Info:      76000 |    38798      37201 |  463   537 |     18606|       0.43      28.30|
Info:      77000 |    39300      37699 |  502   498 |     18544|       0.60      28.89|
Info:      78000 |    39733      38266 |  433   567 |     18218|       0.51      29.40|
Info:      79000 |    40112      38887 |  379   621 |     17847|       0.41      29.81|
Info:      80000 |    40621      39378 |  509   491 |     17535|       0.41      30.22|
Info:      81000 |    41092      39898 |  471   520 |     17274|       0.64      30.86|
Info:      82000 |    41731      40238 |  639   340 |     16996|       0.43      31.29|
Info:      83000 |    42339      40620 |  608   382 |     16733|       0.43      31.72|
Info:      84000 |    43031      40918 |  692   298 |     16551|       0.36      32.08|
Info:      85000 |    43701      41245 |  670   327 |     16340|       0.41      32.49|
Info:      86000 |    44414      41516 |  713   271 |     16076|       0.33      32.82|
Info:      87000 |    45098      41812 |  684   296 |     15821|       0.38      33.20|
Info:      88000 |    45772      42131 |  674   319 |     15715|       0.41      33.61|
Info:      89000 |    46428      42462 |  656   331 |     15536|       0.37      33.99|
Info:      90000 |    46941      42921 |  513   459 |     15244|       0.40      34.38|
Info:      91000 |    47471      43380 |  530   459 |     15007|       0.31      34.69|
Info:      92000 |    47940      43891 |  469   511 |     14558|       0.42      35.11|
Info:      93000 |    48376      44432 |  436   541 |     14095|       0.38      35.49|
Info:      94000 |    48814      44993 |  438   561 |     13711|       0.47      35.96|
Info:      95000 |    49307      45498 |  493   505 |     13512|       0.48      36.44|
Info:      96000 |    49759      46042 |  452   544 |     13101|       0.39      36.83|
Info:      97000 |    49999      46750 |  240   708 |     12435|       0.33      37.16|
Info:      98000 |    50323      47388 |  324   638 |     12037|       0.38      37.54|
Info:      99000 |    50602      48059 |  279   671 |     11464|       0.42      37.96|
Info:     100000 |    50918      48680 |  316   621 |     10928|       0.34      38.30|
Info:     101000 |    51186      49371 |  268   691 |     10273|       0.26      38.56|
Info:     102000 |    51456      50083 |  270   712 |      9631|       0.27      38.83|
Info:     103000 |    51738      50770 |  282   687 |      9027|       0.44      39.27|
Info:     104000 |    52056      51378 |  318   608 |      8483|       0.41      39.68|
Info:     105000 |    52354      52049 |  298   671 |      7996|       0.34      40.02|
Info:     106000 |    52657      52717 |  303   668 |      7335|       0.35      40.37|
Info:     107000 |    52937      53401 |  280   684 |      6825|       0.62      40.99|
Info:     108000 |    53167      54099 |  230   698 |      6074|       0.42      41.41|
Info:     109000 |    53366      54787 |  199   688 |      5332|       0.41      41.83|
Info:     110000 |    53628      55472 |  262   685 |      4661|       0.66      42.48|
Info:     111000 |    53804      56237 |  176   765 |      3962|       0.51      42.99|
Info:     112000 |    54008      56974 |  204   737 |      3345|       0.50      43.49|
Info:     113000 |    54268      57658 |  260   684 |      2888|       0.55      44.04|
Info:     114000 |    54557      58337 |  289   679 |      2675|       0.58      44.62|
Info:     115000 |    54807      59050 |  250   713 |      2107|       0.54      45.16|
Info:     116000 |    55067      59761 |  260   711 |      1830|       0.49      45.65|
Info:     117000 |    55440      60362 |  373   601 |      1454|       0.77      46.42|
Info:     118000 |    55782      60983 |  342   621 |      1189|       0.54      46.96|
Info:     119000 |    56047      61684 |  265   701 |       623|       0.51      47.47|
Info:     119959 |    56276      62383 |  229   699 |         0|       0.65      48.12|
Info: Routing complete.
Info: Router1 time 48.12s
Info: Checksum: 0xcb42ef6f

Info: Critical path report for clock '$glbnet$clk_i$TRELLIS_IO_IN' (posedge -> posedge):
Info: curr total
Info:  0.5  0.5  Source u_ibex_top.u_ibex_core.if_stage_i.instr_rdata_alu_id_o_TRELLIS_FF_Q_9.Q
Info:  0.9  1.4    Net u_ibex_top.rf_raddr_b[2] budget 0.220000 ns (14,20) -> (15,20)
Info:                Sink u_ibex_top.u_ibex_core.cs_registers_i.debug_ebreakm_o_LUT4_A_Z_LUT4_Z_C_LUT4_Z_C_LUT4_Z_D_LUT4_D_Z_LUT4_Z_2_B_LUT4_C_1_Z_PFUMX_Z_BLUT_LUT4_Z_A_LUT4_Z.A
Info:                Defined in:
Info:                  /workspace/integrations/ibex/synth/ibex_fpga_top.v:47.5-103.4
Info:                  /workspace/output/ibex_post_synth/policy2/ibex.v:2619.20-2619.32
Info:                  /workspace/output/ibex_post_synth/policy2/ibex.v:11176.4-11232.3
Info:  0.2  1.7  Source u_ibex_top.u_ibex_core.cs_registers_i.debug_ebreakm_o_LUT4_A_Z_LUT4_Z_C_LUT4_Z_C_LUT4_Z_D_LUT4_D_Z_LUT4_Z_2_B_LUT4_C_1_Z_PFUMX_Z_BLUT_LUT4_Z_A_LUT4_Z.F
Info:  2.5  4.2    Net u_ibex_top.u_ibex_core.cs_registers_i.debug_ebreakm_o_LUT4_A_Z_LUT4_Z_C_LUT4_Z_C_LUT4_Z_D_LUT4_D_Z_LUT4_Z_2_B_LUT4_C_1_Z_PFUMX_Z_BLUT_LUT4_Z_A[0] budget 0.220000 ns (15,20) -> (33,25)
Info:                Sink u_ibex_top.u_ibex_core.cs_registers_i.debug_ebreakm_o_LUT4_A_Z_LUT4_Z_C_LUT4_Z_C_LUT4_Z_D_LUT4_D_Z_LUT4_Z_2_B_LUT4_C_1_Z_PFUMX_Z_BLUT_LUT4_Z_A_LUT4_D.D
Info:                Defined in:
Info:                  /usr/bin/../share/yosys/ecp5/cells_map.v:108.23-108.24
Info:  0.2  4.4  Source u_ibex_top.u_ibex_core.cs_registers_i.debug_ebreakm_o_LUT4_A_Z_LUT4_Z_C_LUT4_Z_C_LUT4_Z_D_LUT4_D_Z_LUT4_Z_2_B_LUT4_C_1_Z_PFUMX_Z_BLUT_LUT4_Z_A_LUT4_D.F
Info:  2.2  6.6    Net u_ibex_top.u_ibex_core.cs_registers_i.debug_ebreakm_o_LUT4_A_Z_LUT4_Z_C_LUT4_Z_C_LUT4_Z_D_LUT4_D_Z_LUT4_Z_2_B_LUT4_C_1_Z_PFUMX_Z_BLUT_LUT4_Z_A_LUT4_D_Z[2] budget 0.220000 ns (33,25) -> (7,26)
Info:                Sink u_ibex_top.u_ibex_core.id_stage_i.imd_val_d_ex_i_LUT4_Z_31_B_LUT4_Z_A_LUT4_Z_1_A_LUT4_Z_3_A_LUT4_Z_2.C
Info:                Defined in:
Info:                  /usr/bin/../share/yosys/ecp5/cells_map.v:108.23-108.24
Info:  0.2  6.8  Source u_ibex_top.u_ibex_core.id_stage_i.imd_val_d_ex_i_LUT4_Z_31_B_LUT4_Z_A_LUT4_Z_1_A_LUT4_Z_3_A_LUT4_Z_2.F
Info:  0.6  7.5    Net u_ibex_top.u_ibex_core.id_stage_i.imd_val_d_ex_i_LUT4_Z_31_B_LUT4_Z_A_LUT4_Z_1_A_LUT4_Z_3_A[1] budget 0.219000 ns (7,26) -> (7,26)
Info:                Sink u_ibex_top.u_ibex_core.id_stage_i.imd_val_d_ex_i_LUT4_Z_31_B_LUT4_Z_A_LUT4_Z_1_A_LUT4_Z_3.B
Info:                Defined in:
Info:                  /usr/bin/../share/yosys/ecp5/cells_map.v:108.23-108.24
Info:  0.2  7.7  Source u_ibex_top.u_ibex_core.id_stage_i.imd_val_d_ex_i_LUT4_Z_31_B_LUT4_Z_A_LUT4_Z_1_A_LUT4_Z_3.F
Info:  0.8  8.5    Net u_ibex_top.u_ibex_core.id_stage_i.imd_val_d_ex_i_LUT4_Z_31_B_LUT4_Z_A_LUT4_Z_1_A[0] budget 0.219000 ns (7,26) -> (8,26)
Info:                Sink u_ibex_top.u_ibex_core.id_stage_i.imd_val_d_ex_i_LUT4_Z_31_B_LUT4_Z_A_LUT4_Z_1.A
Info:                Defined in:
Info:                  /usr/bin/../share/yosys/ecp5/cells_map.v:108.23-108.24
Info:  0.2  8.8  Source u_ibex_top.u_ibex_core.id_stage_i.imd_val_d_ex_i_LUT4_Z_31_B_LUT4_Z_A_LUT4_Z_1.F
Info:  0.9  9.6    Net u_ibex_top.u_ibex_core.id_stage_i.imd_val_d_ex_i_LUT4_Z_31_B_LUT4_Z_A[0] budget 0.219000 ns (8,26) -> (10,26)
Info:                Sink u_ibex_top.u_ibex_core.id_stage_i.imd_val_d_ex_i_LUT4_Z_31_B_LUT4_Z.A
Info:                Defined in:
Info:                  /usr/bin/../share/yosys/ecp5/cells_map.v:108.23-108.24
Info:  0.2  9.9  Source u_ibex_top.u_ibex_core.id_stage_i.imd_val_d_ex_i_LUT4_Z_31_B_LUT4_Z.F
Info:  2.8 12.7    Net u_ibex_top.u_ibex_core.id_stage_i.imd_val_d_ex_i_LUT4_Z_23_A[2] budget 0.219000 ns (10,26) -> (37,8)
Info:                Sink u_ibex_top.u_ibex_core.ex_block_i.alu_i.adder_in_b_LUT4_Z_31_A_LUT4_Z_C_LUT4_Z_1.C
Info:                Defined in:
Info:                  /usr/bin/../share/yosys/ecp5/cells_map.v:108.23-108.24
Info:  0.2 12.9  Source u_ibex_top.u_ibex_core.ex_block_i.alu_i.adder_in_b_LUT4_Z_31_A_LUT4_Z_C_LUT4_Z_1.F
Info:  0.6 13.6    Net u_ibex_top.u_ibex_core.ex_block_i.alu_i.adder_in_b_LUT4_Z_31_A_LUT4_Z_C[2] budget 0.219000 ns (37,8) -> (37,8)
Info:                Sink u_ibex_top.u_ibex_core.ex_block_i.alu_i.adder_in_b_LUT4_Z_31_A_LUT4_Z.C
Info:                Defined in:
Info:                  /usr/bin/../share/yosys/ecp5/cells_map.v:108.23-108.24
Info:  0.2 13.8  Source u_ibex_top.u_ibex_core.ex_block_i.alu_i.adder_in_b_LUT4_Z_31_A_LUT4_Z.F
Info:  0.9 14.7    Net u_ibex_top.u_ibex_core.ex_block_i.alu_i.adder_in_b_LUT4_Z_31_A[0] budget 0.219000 ns (37,8) -> (37,11)
Info:                Sink u_ibex_top.u_ibex_core.ex_block_i.alu_i.adder_in_b_LUT4_Z_31.A
Info:                Defined in:
Info:                  /usr/bin/../share/yosys/ecp5/cells_map.v:108.23-108.24
Info:  0.2 15.0  Source u_ibex_top.u_ibex_core.ex_block_i.alu_i.adder_in_b_LUT4_Z_31.F
Info:  1.1 16.1    Net u_ibex_top.u_ibex_core.ex_block_i.alu_i.adder_in_b[1] budget 0.219000 ns (37,11) -> (37,9)
Info:                Sink u_ibex_top.u_ibex_core.ex_block_i.alu_adder_result_ext_CCU2C_S0_16$CCU2_COMB1.A
Info:                Defined in:
Info:                  /workspace/integrations/ibex/synth/ibex_fpga_top.v:47.5-103.4
Info:                  /workspace/output/ibex_post_synth/policy2/ibex.v:3113.4-3140.3
Info:                  /workspace/output/ibex_post_synth/policy2/ibex.v:466.13-466.23
Info:                  /workspace/output/ibex_post_synth/policy2/ibex.v:6004.28-6020.3
Info:                  /workspace/output/ibex_post_synth/policy2/ibex.v:11176.4-11232.3
Info:  0.4 16.6  Source u_ibex_top.u_ibex_core.ex_block_i.alu_adder_result_ext_CCU2C_S0_16$CCU2_COMB1.FCO
Info:  0.0 16.6    Net u_ibex_top.u_ibex_core.ex_block_i.alu_adder_result_ext_CCU2C_S0_3_COUT[0] budget 0.000000 ns (37,9) -> (37,9)
Info:                Sink u_ibex_top.u_ibex_core.ex_block_i.alu_adder_result_ext_CCU2C_S0_5$CCU2_COMB0.FCI
Info:                Defined in:
Info:                  /workspace/integrations/ibex/synth/ibex_fpga_top.v:47.5-103.4
Info:                  /workspace/output/ibex_post_synth/policy2/ibex.v:3113.4-3140.3
Info:                  /workspace/output/ibex_post_synth/policy2/ibex.v:514.30-514.75
Info:                  /workspace/output/ibex_post_synth/policy2/ibex.v:6004.28-6020.3
Info:                  /workspace/output/ibex_post_synth/policy2/ibex.v:11176.4-11232.3
Info:                  /usr/bin/../share/yosys/ecp5/arith_map.v:63.22-63.23
Info:  0.1 16.6  Source u_ibex_top.u_ibex_core.ex_block_i.alu_adder_result_ext_CCU2C_S0_5$CCU2_COMB0.FCO
Info:  0.0 16.6    Net u_ibex_top.u_ibex_core.ex_block_i.alu_adder_result_ext_CCU2C_S0_5$CCU2_FCI_INT budget 0.000000 ns (37,9) -> (37,9)
Info:                Sink u_ibex_top.u_ibex_core.ex_block_i.alu_adder_result_ext_CCU2C_S0_5$CCU2_COMB1.FCI
Info:  0.0 16.6  Source u_ibex_top.u_ibex_core.ex_block_i.alu_adder_result_ext_CCU2C_S0_5$CCU2_COMB1.FCO
Info:  0.0 16.6    Net u_ibex_top.u_ibex_core.ex_block_i.alu_adder_result_ext_CCU2C_S0_3_COUT[2] budget 0.000000 ns (37,9) -> (37,9)
Info:                Sink u_ibex_top.u_ibex_core.ex_block_i.alu_adder_result_ext_CCU2C_S0_2$CCU2_COMB0.FCI
Info:                Defined in:
Info:                  /workspace/integrations/ibex/synth/ibex_fpga_top.v:47.5-103.4
Info:                  /workspace/output/ibex_post_synth/policy2/ibex.v:3113.4-3140.3
Info:                  /workspace/output/ibex_post_synth/policy2/ibex.v:514.30-514.75
Info:                  /workspace/output/ibex_post_synth/policy2/ibex.v:6004.28-6020.3
Info:                  /workspace/output/ibex_post_synth/policy2/ibex.v:11176.4-11232.3
Info:                  /usr/bin/../share/yosys/ecp5/arith_map.v:63.22-63.23
Info:  0.1 16.7  Source u_ibex_top.u_ibex_core.ex_block_i.alu_adder_result_ext_CCU2C_S0_2$CCU2_COMB0.FCO
Info:  0.0 16.7    Net u_ibex_top.u_ibex_core.ex_block_i.alu_adder_result_ext_CCU2C_S0_2$CCU2_FCI_INT budget 0.000000 ns (37,9) -> (37,9)
Info:                Sink u_ibex_top.u_ibex_core.ex_block_i.alu_adder_result_ext_CCU2C_S0_2$CCU2_COMB1.FCI
Info:  0.0 16.7  Source u_ibex_top.u_ibex_core.ex_block_i.alu_adder_result_ext_CCU2C_S0_2$CCU2_COMB1.FCO
Info:  0.0 16.7    Net u_ibex_top.u_ibex_core.ex_block_i.alu_adder_result_ext_CCU2C_S0_3_COUT[4] budget 0.000000 ns (37,9) -> (38,9)
Info:                Sink u_ibex_top.u_ibex_core.ex_block_i.alu_adder_result_ext_CCU2C_S0_1$CCU2_COMB0.FCI
Info:                Defined in:
Info:                  /workspace/integrations/ibex/synth/ibex_fpga_top.v:47.5-103.4
Info:                  /workspace/output/ibex_post_synth/policy2/ibex.v:3113.4-3140.3
Info:                  /workspace/output/ibex_post_synth/policy2/ibex.v:514.30-514.75
Info:                  /workspace/output/ibex_post_synth/policy2/ibex.v:6004.28-6020.3
Info:                  /workspace/output/ibex_post_synth/policy2/ibex.v:11176.4-11232.3
Info:                  /usr/bin/../share/yosys/ecp5/arith_map.v:63.22-63.23
Info:  0.1 16.8  Source u_ibex_top.u_ibex_core.ex_block_i.alu_adder_result_ext_CCU2C_S0_1$CCU2_COMB0.FCO
Info:  0.0 16.8    Net u_ibex_top.u_ibex_core.ex_block_i.alu_adder_result_ext_CCU2C_S0_1$CCU2_FCI_INT budget 0.000000 ns (38,9) -> (38,9)
Info:                Sink u_ibex_top.u_ibex_core.ex_block_i.alu_adder_result_ext_CCU2C_S0_1$CCU2_COMB1.FCI
Info:  0.0 16.8  Source u_ibex_top.u_ibex_core.ex_block_i.alu_adder_result_ext_CCU2C_S0_1$CCU2_COMB1.FCO
Info:  0.0 16.8    Net u_ibex_top.u_ibex_core.ex_block_i.alu_adder_result_ext_CCU2C_S0_3_COUT[6] budget 0.000000 ns (38,9) -> (38,9)
Info:                Sink u_ibex_top.u_ibex_core.ex_block_i.alu_adder_result_ext_CCU2C_S0$CCU2_COMB0.FCI
Info:                Defined in:
Info:                  /workspace/integrations/ibex/synth/ibex_fpga_top.v:47.5-103.4
Info:                  /workspace/output/ibex_post_synth/policy2/ibex.v:3113.4-3140.3
Info:                  /workspace/output/ibex_post_synth/policy2/ibex.v:514.30-514.75
Info:                  /workspace/output/ibex_post_synth/policy2/ibex.v:6004.28-6020.3
Info:                  /workspace/output/ibex_post_synth/policy2/ibex.v:11176.4-11232.3
Info:                  /usr/bin/../share/yosys/ecp5/arith_map.v:63.22-63.23
Info:  0.1 16.8  Source u_ibex_top.u_ibex_core.ex_block_i.alu_adder_result_ext_CCU2C_S0$CCU2_COMB0.FCO
Info:  0.0 16.8    Net u_ibex_top.u_ibex_core.ex_block_i.alu_adder_result_ext_CCU2C_S0$CCU2_FCI_INT budget 0.000000 ns (38,9) -> (38,9)
Info:                Sink u_ibex_top.u_ibex_core.ex_block_i.alu_adder_result_ext_CCU2C_S0$CCU2_COMB1.FCI
Info:  0.0 16.8  Source u_ibex_top.u_ibex_core.ex_block_i.alu_adder_result_ext_CCU2C_S0$CCU2_COMB1.FCO
Info:  0.0 16.8    Net u_ibex_top.u_ibex_core.ex_block_i.alu_adder_result_ext_CCU2C_S0_3_COUT[8] budget 0.000000 ns (38,9) -> (38,9)
Info:                Sink u_ibex_top.u_ibex_core.ex_block_i.alu_adder_result_ext_CCU2C_S0_15$CCU2_COMB0.FCI
Info:                Defined in:
Info:                  /workspace/integrations/ibex/synth/ibex_fpga_top.v:47.5-103.4
Info:                  /workspace/output/ibex_post_synth/policy2/ibex.v:3113.4-3140.3
Info:                  /workspace/output/ibex_post_synth/policy2/ibex.v:514.30-514.75
Info:                  /workspace/output/ibex_post_synth/policy2/ibex.v:6004.28-6020.3
Info:                  /workspace/output/ibex_post_synth/policy2/ibex.v:11176.4-11232.3
Info:                  /usr/bin/../share/yosys/ecp5/arith_map.v:63.22-63.23
Info:  0.1 16.9  Source u_ibex_top.u_ibex_core.ex_block_i.alu_adder_result_ext_CCU2C_S0_15$CCU2_COMB0.FCO
Info:  0.0 16.9    Net u_ibex_top.u_ibex_core.ex_block_i.alu_adder_result_ext_CCU2C_S0_15$CCU2_FCI_INT budget 0.000000 ns (38,9) -> (38,9)
Info:                Sink u_ibex_top.u_ibex_core.ex_block_i.alu_adder_result_ext_CCU2C_S0_15$CCU2_COMB1.FCI
Info:  0.0 16.9  Source u_ibex_top.u_ibex_core.ex_block_i.alu_adder_result_ext_CCU2C_S0_15$CCU2_COMB1.FCO
Info:  0.0 16.9    Net u_ibex_top.u_ibex_core.ex_block_i.alu_adder_result_ext_CCU2C_S0_3_COUT[10] budget 0.000000 ns (38,9) -> (38,9)
Info:                Sink u_ibex_top.u_ibex_core.ex_block_i.alu_adder_result_ext_CCU2C_S0_14$CCU2_COMB0.FCI
Info:                Defined in:
Info:                  /workspace/integrations/ibex/synth/ibex_fpga_top.v:47.5-103.4
Info:                  /workspace/output/ibex_post_synth/policy2/ibex.v:3113.4-3140.3
Info:                  /workspace/output/ibex_post_synth/policy2/ibex.v:514.30-514.75
Info:                  /workspace/output/ibex_post_synth/policy2/ibex.v:6004.28-6020.3
Info:                  /workspace/output/ibex_post_synth/policy2/ibex.v:11176.4-11232.3
Info:                  /usr/bin/../share/yosys/ecp5/arith_map.v:63.22-63.23
Info:  0.1 17.0  Source u_ibex_top.u_ibex_core.ex_block_i.alu_adder_result_ext_CCU2C_S0_14$CCU2_COMB0.FCO
Info:  0.0 17.0    Net u_ibex_top.u_ibex_core.ex_block_i.alu_adder_result_ext_CCU2C_S0_14$CCU2_FCI_INT budget 0.000000 ns (38,9) -> (38,9)
Info:                Sink u_ibex_top.u_ibex_core.ex_block_i.alu_adder_result_ext_CCU2C_S0_14$CCU2_COMB1.FCI
Info:  0.0 17.0  Source u_ibex_top.u_ibex_core.ex_block_i.alu_adder_result_ext_CCU2C_S0_14$CCU2_COMB1.FCO
Info:  0.0 17.0    Net u_ibex_top.u_ibex_core.ex_block_i.alu_adder_result_ext_CCU2C_S0_3_COUT[12] budget 0.000000 ns (38,9) -> (39,9)
Info:                Sink u_ibex_top.u_ibex_core.ex_block_i.alu_adder_result_ext_CCU2C_S0_13$CCU2_COMB0.FCI
Info:                Defined in:
Info:                  /workspace/integrations/ibex/synth/ibex_fpga_top.v:47.5-103.4
Info:                  /workspace/output/ibex_post_synth/policy2/ibex.v:3113.4-3140.3
Info:                  /workspace/output/ibex_post_synth/policy2/ibex.v:514.30-514.75
Info:                  /workspace/output/ibex_post_synth/policy2/ibex.v:6004.28-6020.3
Info:                  /workspace/output/ibex_post_synth/policy2/ibex.v:11176.4-11232.3
Info:                  /usr/bin/../share/yosys/ecp5/arith_map.v:63.22-63.23
Info:  0.1 17.0  Source u_ibex_top.u_ibex_core.ex_block_i.alu_adder_result_ext_CCU2C_S0_13$CCU2_COMB0.FCO
Info:  0.0 17.0    Net u_ibex_top.u_ibex_core.ex_block_i.alu_adder_result_ext_CCU2C_S0_13$CCU2_FCI_INT budget 0.000000 ns (39,9) -> (39,9)
Info:                Sink u_ibex_top.u_ibex_core.ex_block_i.alu_adder_result_ext_CCU2C_S0_13$CCU2_COMB1.FCI
Info:  0.0 17.0  Source u_ibex_top.u_ibex_core.ex_block_i.alu_adder_result_ext_CCU2C_S0_13$CCU2_COMB1.FCO
Info:  0.0 17.0    Net u_ibex_top.u_ibex_core.ex_block_i.alu_adder_result_ext_CCU2C_S0_3_COUT[14] budget 0.000000 ns (39,9) -> (39,9)
Info:                Sink u_ibex_top.u_ibex_core.ex_block_i.alu_adder_result_ext_CCU2C_S0_12$CCU2_COMB0.FCI
Info:                Defined in:
Info:                  /workspace/integrations/ibex/synth/ibex_fpga_top.v:47.5-103.4
Info:                  /workspace/output/ibex_post_synth/policy2/ibex.v:3113.4-3140.3
Info:                  /workspace/output/ibex_post_synth/policy2/ibex.v:514.30-514.75
Info:                  /workspace/output/ibex_post_synth/policy2/ibex.v:6004.28-6020.3
Info:                  /workspace/output/ibex_post_synth/policy2/ibex.v:11176.4-11232.3
Info:                  /usr/bin/../share/yosys/ecp5/arith_map.v:63.22-63.23
Info:  0.1 17.1  Source u_ibex_top.u_ibex_core.ex_block_i.alu_adder_result_ext_CCU2C_S0_12$CCU2_COMB0.FCO
Info:  0.0 17.1    Net u_ibex_top.u_ibex_core.ex_block_i.alu_adder_result_ext_CCU2C_S0_12$CCU2_FCI_INT budget 0.000000 ns (39,9) -> (39,9)
Info:                Sink u_ibex_top.u_ibex_core.ex_block_i.alu_adder_result_ext_CCU2C_S0_12$CCU2_COMB1.FCI
Info:  0.0 17.1  Source u_ibex_top.u_ibex_core.ex_block_i.alu_adder_result_ext_CCU2C_S0_12$CCU2_COMB1.FCO
Info:  0.0 17.1    Net u_ibex_top.u_ibex_core.ex_block_i.alu_adder_result_ext_CCU2C_S0_3_COUT[16] budget 0.000000 ns (39,9) -> (39,9)
Info:                Sink u_ibex_top.u_ibex_core.ex_block_i.alu_adder_result_ext_CCU2C_S0_11$CCU2_COMB0.FCI
Info:                Defined in:
Info:                  /workspace/integrations/ibex/synth/ibex_fpga_top.v:47.5-103.4
Info:                  /workspace/output/ibex_post_synth/policy2/ibex.v:3113.4-3140.3
Info:                  /workspace/output/ibex_post_synth/policy2/ibex.v:514.30-514.75
Info:                  /workspace/output/ibex_post_synth/policy2/ibex.v:6004.28-6020.3
Info:                  /workspace/output/ibex_post_synth/policy2/ibex.v:11176.4-11232.3
Info:                  /usr/bin/../share/yosys/ecp5/arith_map.v:63.22-63.23
Info:  0.1 17.2  Source u_ibex_top.u_ibex_core.ex_block_i.alu_adder_result_ext_CCU2C_S0_11$CCU2_COMB0.FCO
Info:  0.0 17.2    Net u_ibex_top.u_ibex_core.ex_block_i.alu_adder_result_ext_CCU2C_S0_11$CCU2_FCI_INT budget 0.000000 ns (39,9) -> (39,9)
Info:                Sink u_ibex_top.u_ibex_core.ex_block_i.alu_adder_result_ext_CCU2C_S0_11$CCU2_COMB1.FCI
Info:  0.0 17.2  Source u_ibex_top.u_ibex_core.ex_block_i.alu_adder_result_ext_CCU2C_S0_11$CCU2_COMB1.FCO
Info:  0.0 17.2    Net u_ibex_top.u_ibex_core.ex_block_i.alu_adder_result_ext_CCU2C_S0_3_COUT[18] budget 0.000000 ns (39,9) -> (39,9)
Info:                Sink u_ibex_top.u_ibex_core.ex_block_i.alu_adder_result_ext_CCU2C_S0_10$CCU2_COMB0.FCI
Info:                Defined in:
Info:                  /workspace/integrations/ibex/synth/ibex_fpga_top.v:47.5-103.4
Info:                  /workspace/output/ibex_post_synth/policy2/ibex.v:3113.4-3140.3
Info:                  /workspace/output/ibex_post_synth/policy2/ibex.v:514.30-514.75
Info:                  /workspace/output/ibex_post_synth/policy2/ibex.v:6004.28-6020.3
Info:                  /workspace/output/ibex_post_synth/policy2/ibex.v:11176.4-11232.3
Info:                  /usr/bin/../share/yosys/ecp5/arith_map.v:63.22-63.23
Info:  0.1 17.3  Source u_ibex_top.u_ibex_core.ex_block_i.alu_adder_result_ext_CCU2C_S0_10$CCU2_COMB0.FCO
Info:  0.0 17.3    Net u_ibex_top.u_ibex_core.ex_block_i.alu_adder_result_ext_CCU2C_S0_10$CCU2_FCI_INT budget 0.000000 ns (39,9) -> (39,9)
Info:                Sink u_ibex_top.u_ibex_core.ex_block_i.alu_adder_result_ext_CCU2C_S0_10$CCU2_COMB1.FCI
Info:  0.0 17.3  Source u_ibex_top.u_ibex_core.ex_block_i.alu_adder_result_ext_CCU2C_S0_10$CCU2_COMB1.FCO
Info:  0.0 17.3    Net u_ibex_top.u_ibex_core.ex_block_i.alu_adder_result_ext_CCU2C_S0_3_COUT[20] budget 0.000000 ns (39,9) -> (40,9)
Info:                Sink u_ibex_top.u_ibex_core.ex_block_i.alu_adder_result_ext_CCU2C_S0_9$CCU2_COMB0.FCI
Info:                Defined in:
Info:                  /workspace/integrations/ibex/synth/ibex_fpga_top.v:47.5-103.4
Info:                  /workspace/output/ibex_post_synth/policy2/ibex.v:3113.4-3140.3
Info:                  /workspace/output/ibex_post_synth/policy2/ibex.v:514.30-514.75
Info:                  /workspace/output/ibex_post_synth/policy2/ibex.v:6004.28-6020.3
Info:                  /workspace/output/ibex_post_synth/policy2/ibex.v:11176.4-11232.3
Info:                  /usr/bin/../share/yosys/ecp5/arith_map.v:63.22-63.23
Info:  0.1 17.3  Source u_ibex_top.u_ibex_core.ex_block_i.alu_adder_result_ext_CCU2C_S0_9$CCU2_COMB0.FCO
Info:  0.0 17.3    Net u_ibex_top.u_ibex_core.ex_block_i.alu_adder_result_ext_CCU2C_S0_9$CCU2_FCI_INT budget 0.000000 ns (40,9) -> (40,9)
Info:                Sink u_ibex_top.u_ibex_core.ex_block_i.alu_adder_result_ext_CCU2C_S0_9$CCU2_COMB1.FCI
Info:  0.0 17.3  Source u_ibex_top.u_ibex_core.ex_block_i.alu_adder_result_ext_CCU2C_S0_9$CCU2_COMB1.FCO
Info:  0.0 17.3    Net u_ibex_top.u_ibex_core.ex_block_i.alu_adder_result_ext_CCU2C_S0_3_COUT[22] budget 0.000000 ns (40,9) -> (40,9)
Info:                Sink u_ibex_top.u_ibex_core.ex_block_i.alu_adder_result_ext_CCU2C_S0_8$CCU2_COMB0.FCI
Info:                Defined in:
Info:                  /workspace/integrations/ibex/synth/ibex_fpga_top.v:47.5-103.4
Info:                  /workspace/output/ibex_post_synth/policy2/ibex.v:3113.4-3140.3
Info:                  /workspace/output/ibex_post_synth/policy2/ibex.v:514.30-514.75
Info:                  /workspace/output/ibex_post_synth/policy2/ibex.v:6004.28-6020.3
Info:                  /workspace/output/ibex_post_synth/policy2/ibex.v:11176.4-11232.3
Info:                  /usr/bin/../share/yosys/ecp5/arith_map.v:63.22-63.23
Info:  0.1 17.4  Source u_ibex_top.u_ibex_core.ex_block_i.alu_adder_result_ext_CCU2C_S0_8$CCU2_COMB0.FCO
Info:  0.0 17.4    Net u_ibex_top.u_ibex_core.ex_block_i.alu_adder_result_ext_CCU2C_S0_8$CCU2_FCI_INT budget 0.000000 ns (40,9) -> (40,9)
Info:                Sink u_ibex_top.u_ibex_core.ex_block_i.alu_adder_result_ext_CCU2C_S0_8$CCU2_COMB1.FCI
Info:  0.0 17.4  Source u_ibex_top.u_ibex_core.ex_block_i.alu_adder_result_ext_CCU2C_S0_8$CCU2_COMB1.FCO
Info:  0.0 17.4    Net u_ibex_top.u_ibex_core.ex_block_i.alu_adder_result_ext_CCU2C_S0_3_COUT[24] budget 0.000000 ns (40,9) -> (40,9)
Info:                Sink u_ibex_top.u_ibex_core.ex_block_i.alu_adder_result_ext_CCU2C_S0_7$CCU2_COMB0.FCI
Info:                Defined in:
Info:                  /workspace/integrations/ibex/synth/ibex_fpga_top.v:47.5-103.4
Info:                  /workspace/output/ibex_post_synth/policy2/ibex.v:3113.4-3140.3
Info:                  /workspace/output/ibex_post_synth/policy2/ibex.v:514.30-514.75
Info:                  /workspace/output/ibex_post_synth/policy2/ibex.v:6004.28-6020.3
Info:                  /workspace/output/ibex_post_synth/policy2/ibex.v:11176.4-11232.3
Info:                  /usr/bin/../share/yosys/ecp5/arith_map.v:63.22-63.23
Info:  0.1 17.5  Source u_ibex_top.u_ibex_core.ex_block_i.alu_adder_result_ext_CCU2C_S0_7$CCU2_COMB0.FCO
Info:  0.0 17.5    Net u_ibex_top.u_ibex_core.ex_block_i.alu_adder_result_ext_CCU2C_S0_7$CCU2_FCI_INT budget 0.000000 ns (40,9) -> (40,9)
Info:                Sink u_ibex_top.u_ibex_core.ex_block_i.alu_adder_result_ext_CCU2C_S0_7$CCU2_COMB1.FCI
Info:  0.0 17.5  Source u_ibex_top.u_ibex_core.ex_block_i.alu_adder_result_ext_CCU2C_S0_7$CCU2_COMB1.FCO
Info:  0.0 17.5    Net u_ibex_top.u_ibex_core.ex_block_i.alu_adder_result_ext_CCU2C_S0_3_COUT[26] budget 0.000000 ns (40,9) -> (40,9)
Info:                Sink u_ibex_top.u_ibex_core.ex_block_i.alu_adder_result_ext_CCU2C_S0_6$CCU2_COMB0.FCI
Info:                Defined in:
Info:                  /workspace/integrations/ibex/synth/ibex_fpga_top.v:47.5-103.4
Info:                  /workspace/output/ibex_post_synth/policy2/ibex.v:3113.4-3140.3
Info:                  /workspace/output/ibex_post_synth/policy2/ibex.v:514.30-514.75
Info:                  /workspace/output/ibex_post_synth/policy2/ibex.v:6004.28-6020.3
Info:                  /workspace/output/ibex_post_synth/policy2/ibex.v:11176.4-11232.3
Info:                  /usr/bin/../share/yosys/ecp5/arith_map.v:63.22-63.23
Info:  0.1 17.5  Source u_ibex_top.u_ibex_core.ex_block_i.alu_adder_result_ext_CCU2C_S0_6$CCU2_COMB0.FCO
Info:  0.0 17.5    Net u_ibex_top.u_ibex_core.ex_block_i.alu_adder_result_ext_CCU2C_S0_6$CCU2_FCI_INT budget 0.000000 ns (40,9) -> (40,9)
Info:                Sink u_ibex_top.u_ibex_core.ex_block_i.alu_adder_result_ext_CCU2C_S0_6$CCU2_COMB1.FCI
Info:  0.4 18.0  Source u_ibex_top.u_ibex_core.ex_block_i.alu_adder_result_ext_CCU2C_S0_6$CCU2_COMB1.F
Info:  0.9 18.8    Net data_addr_o[28] budget 0.201000 ns (40,9) -> (41,9)
Info:                Sink u_ibex_top.u_ibex_core.ex_block_i.alu_i.is_equal_LUT4_Z_A_LUT4_Z_2_A_LUT4_Z_3.A
Info:                Defined in:
Info:                  /workspace/integrations/ibex/synth/ibex_fpga_top.v:47.5-103.4
Info:                  /workspace/output/ibex_post_synth/policy2/ibex.v:3147.4-3179.3
Info:                  /workspace/output/ibex_post_synth/policy2/ibex.v:8656.14-8656.33
Info:                  /workspace/output/ibex_post_synth/policy2/ibex.v:11176.4-11232.3
Info:  0.2 19.1  Source u_ibex_top.u_ibex_core.ex_block_i.alu_i.is_equal_LUT4_Z_A_LUT4_Z_2_A_LUT4_Z_3.F
Info:  1.1 20.2    Net u_ibex_top.u_ibex_core.ex_block_i.alu_i.is_equal_LUT4_Z_A_LUT4_Z_2_A[0] budget 0.200000 ns (41,9) -> (40,8)
Info:                Sink u_ibex_top.u_ibex_core.ex_block_i.alu_i.is_equal_LUT4_Z_A_LUT4_Z_2.A
Info:                Defined in:
Info:                  /usr/bin/../share/yosys/ecp5/cells_map.v:108.23-108.24
Info:  0.2 20.4  Source u_ibex_top.u_ibex_core.ex_block_i.alu_i.is_equal_LUT4_Z_A_LUT4_Z_2.F
Info:  1.2 21.7    Net u_ibex_top.u_ibex_core.ex_block_i.alu_i.is_equal_LUT4_Z_A[1] budget 0.200000 ns (40,8) -> (44,7)
Info:                Sink u_ibex_top.u_ibex_core.ex_block_i.alu_i.is_equal_LUT4_Z.B
Info:                Defined in:
Info:                  /usr/bin/../share/yosys/ecp5/cells_map.v:108.23-108.24
Info:  0.2 21.9  Source u_ibex_top.u_ibex_core.ex_block_i.alu_i.is_equal_LUT4_Z.F
Info:  2.2 24.1    Net u_ibex_top.u_ibex_core.ex_block_i.alu_is_equal_result budget 0.200000 ns (44,7) -> (28,11)
Info:                Sink u_ibex_top.u_ibex_core.pipesense_control_i.branch_i_LUT4_Z_C_LUT4_D_Z_LUT4_Z_1.C
Info:                Defined in:
Info:                  /usr/bin/../share/yosys/ecp5/cells_map.v:108.23-108.24
Info:  0.2 24.3  Source u_ibex_top.u_ibex_core.pipesense_control_i.branch_i_LUT4_Z_C_LUT4_D_Z_LUT4_Z_1.F
Info:  0.6 24.9    Net u_ibex_top.u_ibex_core.pipesense_control_i.branch_i_LUT4_Z_C_LUT4_D_Z[1] budget 0.373000 ns (28,11) -> (28,11)
Info:                Sink u_ibex_top.u_ibex_core.pipesense_control_i.branch_i_LUT4_Z_C_LUT4_C_Z_L6MUX21_Z_1_D0_PFUMX_Z_ALUT_LUT4_Z.B
Info:                Defined in:
Info:                  /usr/bin/../share/yosys/ecp5/cells_map.v:108.23-108.24
Info:  0.2 25.2  Source u_ibex_top.u_ibex_core.pipesense_control_i.branch_i_LUT4_Z_C_LUT4_C_Z_L6MUX21_Z_1_D0_PFUMX_Z_ALUT_LUT4_Z.F
Info:  0.0 25.2    Net u_ibex_top.u_ibex_core.pipesense_control_i.branch_i_LUT4_Z_C_LUT4_C_Z_L6MUX21_Z_1_D0_PFUMX_Z_ALUT budget 0.372000 ns (28,11) -> (28,11)
Info:                Sink u_ibex_top.u_ibex_core.pipesense_control_i.branch_i_LUT4_Z_C_LUT4_C_Z_L6MUX21_Z_1_D0_PFUMX_Z_BLUT_LUT4_Z.F1
Info:                Defined in:
Info:                  /usr/bin/../share/yosys/ecp5/cells_map.v:141.22-141.24
Info:  0.2 25.3  Source u_ibex_top.u_ibex_core.pipesense_control_i.branch_i_LUT4_Z_C_LUT4_C_Z_L6MUX21_Z_1_D0_PFUMX_Z_BLUT_LUT4_Z.OFX
Info:  0.0 25.3    Net u_ibex_top.u_ibex_core.pipesense_control_i.branch_i_LUT4_Z_C_LUT4_C_Z_L6MUX21_Z_1_D0 budget 0.000000 ns (28,11) -> (28,11)
Info:                Sink u_ibex_top.u_ibex_core.pipesense_control_i.branch_i_LUT4_Z_C_LUT4_C_Z_L6MUX21_Z_1_D1_PFUMX_Z_ALUT_LUT4_Z.FXA
Info:                Defined in:
Info:                  /usr/bin/../share/yosys/ecp5/cells_map.v:141.34-141.36
Info:  0.2 25.6  Source u_ibex_top.u_ibex_core.pipesense_control_i.branch_i_LUT4_Z_C_LUT4_C_Z_L6MUX21_Z_1_D1_PFUMX_Z_ALUT_LUT4_Z.OFX
Info:  1.0 26.6    Net u_ibex_top.u_ibex_core.id_stage_i.id_fsm_q_TRELLIS_FF_Q_DI_PFUMX_Z_BLUT_LUT4_Z_C[1] budget 0.792000 ns (28,11) -> (19,12)
Info:                Sink u_ibex_top.u_ibex_core.id_stage_i.controller_i.exc_req_d_LUT4_C_Z_L6MUX21_Z_D1_L6MUX21_Z_D0_PFUMX_Z_ALUT_LUT4_Z.D
Info:                Defined in:
Info:                  /usr/bin/../share/yosys/ecp5/cells_map.v:108.23-108.24
Info:  0.2 26.8  Source u_ibex_top.u_ibex_core.id_stage_i.controller_i.exc_req_d_LUT4_C_Z_L6MUX21_Z_D1_L6MUX21_Z_D0_PFUMX_Z_ALUT_LUT4_Z.F
Info:  0.0 26.8    Net u_ibex_top.u_ibex_core.id_stage_i.controller_i.exc_req_d_LUT4_C_Z_L6MUX21_Z_D1_L6MUX21_Z_D0_PFUMX_Z_ALUT budget 0.792000 ns (19,12) -> (19,12)
Info:                Sink u_ibex_top.u_ibex_core.id_stage_i.controller_i.exc_req_d_LUT4_C_Z_L6MUX21_Z_D1_L6MUX21_Z_D0_PFUMX_Z_BLUT_LUT4_Z.F1
Info:                Defined in:
Info:                  /usr/bin/../share/yosys/ecp5/cells_map.v:157.38-157.40
Info:  0.2 27.0  Source u_ibex_top.u_ibex_core.id_stage_i.controller_i.exc_req_d_LUT4_C_Z_L6MUX21_Z_D1_L6MUX21_Z_D0_PFUMX_Z_BLUT_LUT4_Z.OFX
Info:  0.0 27.0    Net u_ibex_top.u_ibex_core.id_stage_i.controller_i.exc_req_d_LUT4_C_Z_L6MUX21_Z_D1_L6MUX21_Z_D0 budget 0.000000 ns (19,12) -> (19,12)
Info:                Sink u_ibex_top.u_ibex_core.id_stage_i.controller_i.exc_req_d_LUT4_C_Z_L6MUX21_Z_D1_L6MUX21_Z_D1_PFUMX_Z_ALUT_LUT4_Z.FXA
Info:                Defined in:
Info:                  /usr/bin/../share/yosys/ecp5/cells_map.v:157.58-157.60
Info:  0.2 27.2  Source u_ibex_top.u_ibex_core.id_stage_i.controller_i.exc_req_d_LUT4_C_Z_L6MUX21_Z_D1_L6MUX21_Z_D1_PFUMX_Z_ALUT_LUT4_Z.OFX
Info:  0.0 27.2    Net u_ibex_top.u_ibex_core.id_stage_i.controller_i.exc_req_d_LUT4_C_Z_L6MUX21_Z_D1 budget 0.000000 ns (19,12) -> (19,12)
Info:                Sink u_ibex_top.u_ibex_core.id_stage_i.controller_i.exc_req_d_LUT4_C_Z_L6MUX21_Z_D1_L6MUX21_Z_D0_PFUMX_Z_ALUT_LUT4_Z.FXB
Info:                Defined in:
Info:                  /usr/bin/../share/yosys/ecp5/cells_map.v:157.70-157.72
Info:  0.2 27.5  Source u_ibex_top.u_ibex_core.id_stage_i.controller_i.exc_req_d_LUT4_C_Z_L6MUX21_Z_D1_L6MUX21_Z_D0_PFUMX_Z_ALUT_LUT4_Z.OFX
Info:  0.9 28.4    Net u_ibex_top.u_ibex_core.id_stage_i.controller_i.exc_req_d_LUT4_C_Z[4] budget 0.880000 ns (19,12) -> (12,12)
Info:                Sink u_ibex_top.u_ibex_core.id_stage_i.controller_i.ctrl_fsm_ns_LUT4_Z_1_B_LUT4_Z_A_LUT4_C_Z_LUT4_B_Z_PFUMX_BLUT_Z_L6MUX21_Z_D1_L6MUX21_Z_D1_PFUMX_Z_BLUT_LUT4_Z.M
Info:                Defined in:
Info:                  /usr/bin/../share/yosys/ecp5/cells_map.v:108.23-108.24
Info:  0.3 28.7  Source u_ibex_top.u_ibex_core.id_stage_i.controller_i.ctrl_fsm_ns_LUT4_Z_1_B_LUT4_Z_A_LUT4_C_Z_LUT4_B_Z_PFUMX_BLUT_Z_L6MUX21_Z_D1_L6MUX21_Z_D1_PFUMX_Z_BLUT_LUT4_Z.OFX
Info:  0.0 28.7    Net u_ibex_top.u_ibex_core.id_stage_i.controller_i.ctrl_fsm_ns_LUT4_Z_1_B_LUT4_Z_A_LUT4_C_Z_LUT4_B_Z_PFUMX_BLUT_Z_L6MUX21_Z_D1_L6MUX21_Z_D1 budget 0.000000 ns (12,12) -> (12,12)
Info:                Sink u_ibex_top.u_ibex_core.id_stage_i.controller_i.ctrl_fsm_ns_LUT4_Z_1_B_LUT4_Z_A_LUT4_C_Z_LUT4_B_Z_PFUMX_BLUT_Z_L6MUX21_Z_D1_L6MUX21_Z_D1_PFUMX_Z_ALUT_LUT4_Z.FXB
Info:                Defined in:
Info:                  /usr/bin/../share/yosys/ecp5/cells_map.v:157.62-157.64
Info:  0.2 28.9  Source u_ibex_top.u_ibex_core.id_stage_i.controller_i.ctrl_fsm_ns_LUT4_Z_1_B_LUT4_Z_A_LUT4_C_Z_LUT4_B_Z_PFUMX_BLUT_Z_L6MUX21_Z_D1_L6MUX21_Z_D1_PFUMX_Z_ALUT_LUT4_Z.OFX
Info:  0.0 28.9    Net u_ibex_top.u_ibex_core.id_stage_i.controller_i.ctrl_fsm_ns_LUT4_Z_1_B_LUT4_Z_A_LUT4_C_Z_LUT4_B_Z_PFUMX_BLUT_Z_L6MUX21_Z_D1 budget 0.000000 ns (12,12) -> (12,12)
Info:                Sink u_ibex_top.u_ibex_core.id_stage_i.controller_i.ctrl_fsm_ns_LUT4_Z_1_B_LUT4_Z_A_LUT4_C_Z_LUT4_B_Z_PFUMX_BLUT_Z_L6MUX21_Z_D1_L6MUX21_Z_D0_PFUMX_Z_ALUT_LUT4_Z.FXB
Info:                Defined in:
Info:                  /usr/bin/../share/yosys/ecp5/cells_map.v:157.70-157.72
Info:  0.2 29.2  Source u_ibex_top.u_ibex_core.id_stage_i.controller_i.ctrl_fsm_ns_LUT4_Z_1_B_LUT4_Z_A_LUT4_C_Z_LUT4_B_Z_PFUMX_BLUT_Z_L6MUX21_Z_D1_L6MUX21_Z_D0_PFUMX_Z_ALUT_LUT4_Z.OFX
Info:  1.0 30.2    Net u_ibex_top.u_ibex_core.id_stage_i.branch_jump_set_done_d_LUT4_Z_C[0] budget 1.900000 ns (12,12) -> (12,5)
Info:                Sink u_ibex_top.u_ibex_core.id_stage_i.controller_i.ctrl_fsm_ns_LUT4_Z_1_B_LUT4_Z_A_LUT4_C_Z_LUT4_B_Z_PFUMX_BLUT_Z_PFUMX_C0_BLUT_LUT4_Z.M
Info:                Defined in:
Info:                  /usr/bin/../share/yosys/ecp5/cells_map.v:108.23-108.24
Info:  0.3 30.4  Source u_ibex_top.u_ibex_core.id_stage_i.controller_i.ctrl_fsm_ns_LUT4_Z_1_B_LUT4_Z_A_LUT4_C_Z_LUT4_B_Z_PFUMX_BLUT_Z_PFUMX_C0_BLUT_LUT4_Z.OFX
Info:  0.0 30.4    Net u_ibex_top.u_ibex_core.id_stage_i.controller_i.ctrl_fsm_ns_LUT4_Z_1_B_LUT4_Z_A_LUT4_C_Z_LUT4_B_Z_PFUMX_BLUT_Z_PFUMX_C0_Z budget 0.000000 ns (12,5) -> (12,5)
Info:                Sink u_ibex_top.u_ibex_core.id_stage_i.controller_i.ctrl_fsm_ns_LUT4_Z_1_B_LUT4_Z_A_LUT4_C_Z_LUT4_B_Z_PFUMX_BLUT_Z_PFUMX_C0_ALUT_LUT4_Z.FXB
Info:                Defined in:
Info:                  /usr/bin/../share/yosys/ecp5/cells_map.v:157.62-157.64
Info:  0.2 30.7  Source u_ibex_top.u_ibex_core.id_stage_i.controller_i.ctrl_fsm_ns_LUT4_Z_1_B_LUT4_Z_A_LUT4_C_Z_LUT4_B_Z_PFUMX_BLUT_Z_PFUMX_C0_ALUT_LUT4_Z.OFX
Info:  0.0 30.7    Net u_ibex_top.u_ibex_core.id_stage_i.controller_i.ctrl_fsm_ns_LUT4_Z_1_B_LUT4_Z_A_LUT4_C_Z_LUT4_B_Z_PFUMX_BLUT_Z_L6MUX21_SD_D1 budget 0.000000 ns (12,5) -> (12,5)
Info:                Sink u_ibex_top.u_ibex_core.id_stage_i.controller_i.ctrl_fsm_ns_LUT4_Z_1_B_LUT4_Z_A_LUT4_C_Z_LUT4_B_Z_PFUMX_BLUT_Z_PFUMX_C0_1_ALUT_LUT4_Z.FXB
Info:                Defined in:
Info:                  /usr/bin/../share/yosys/ecp5/cells_map.v:157.70-157.72
Info:  0.2 30.9  Source u_ibex_top.u_ibex_core.id_stage_i.controller_i.ctrl_fsm_ns_LUT4_Z_1_B_LUT4_Z_A_LUT4_C_Z_LUT4_B_Z_PFUMX_BLUT_Z_PFUMX_C0_1_ALUT_LUT4_Z.OFX
Info:  0.7 31.6    Net u_ibex_top.u_ibex_core.id_stage_i.controller_i.ctrl_fsm_ns_LUT4_Z_1_B_LUT4_Z_A_LUT4_C_Z_LUT4_B_Z_PFUMX_BLUT_Z_LUT4_C_Z[4] budget 1.140000 ns (12,5) -> (12,4)
Info:                Sink u_ibex_top.u_ibex_core.if_stage_i.gen_prefetch_buffer.prefetch_buffer_i.rdata_outstanding_q_LUT4_D_Z_L6MUX21_Z_D1_L6MUX21_Z_D1_PFUMX_Z_BLUT_LUT4_Z.M
Info:                Defined in:
Info:                  /usr/bin/../share/yosys/ecp5/cells_map.v:108.23-108.24
Info:  0.3 31.9  Source u_ibex_top.u_ibex_core.if_stage_i.gen_prefetch_buffer.prefetch_buffer_i.rdata_outstanding_q_LUT4_D_Z_L6MUX21_Z_D1_L6MUX21_Z_D1_PFUMX_Z_BLUT_LUT4_Z.OFX
Info:  0.0 31.9    Net u_ibex_top.u_ibex_core.if_stage_i.gen_prefetch_buffer.prefetch_buffer_i.rdata_outstanding_q_LUT4_D_Z_L6MUX21_Z_D1_L6MUX21_Z_D1 budget 0.000000 ns (12,4) -> (12,4)
Info:                Sink u_ibex_top.u_ibex_core.if_stage_i.gen_prefetch_buffer.prefetch_buffer_i.rdata_outstanding_q_LUT4_D_Z_L6MUX21_Z_D1_L6MUX21_Z_D1_PFUMX_Z_ALUT_LUT4_Z.FXB
Info:                Defined in:
Info:                  /usr/bin/../share/yosys/ecp5/cells_map.v:157.62-157.64
Info:  0.2 32.1  Source u_ibex_top.u_ibex_core.if_stage_i.gen_prefetch_buffer.prefetch_buffer_i.rdata_outstanding_q_LUT4_D_Z_L6MUX21_Z_D1_L6MUX21_Z_D1_PFUMX_Z_ALUT_LUT4_Z.OFX
Info:  0.0 32.1    Net u_ibex_top.u_ibex_core.if_stage_i.gen_prefetch_buffer.prefetch_buffer_i.rdata_outstanding_q_LUT4_D_Z_L6MUX21_Z_D1 budget 0.000000 ns (12,4) -> (12,4)
Info:                Sink u_ibex_top.u_ibex_core.if_stage_i.gen_prefetch_buffer.prefetch_buffer_i.rdata_outstanding_q_LUT4_D_Z_L6MUX21_Z_D1_L6MUX21_Z_D0_PFUMX_Z_ALUT_LUT4_Z.FXB
Info:                Defined in:
Info:                  /usr/bin/../share/yosys/ecp5/cells_map.v:157.70-157.72
Info:  0.2 32.3  Source u_ibex_top.u_ibex_core.if_stage_i.gen_prefetch_buffer.prefetch_buffer_i.rdata_outstanding_q_LUT4_D_Z_L6MUX21_Z_D1_L6MUX21_Z_D0_PFUMX_Z_ALUT_LUT4_Z.OFX
Info:  2.6 35.0    Net u_ibex_top.core_busy_q_LUT4_C_Z_L6MUX21_Z_SD[0] budget 0.660000 ns (12,4) -> (53,4)
Info:                Sink u_ibex_top.u_ibex_core.pipesense_control_i.classified_mode_LUT4_B_Z_PFUMX_Z_BLUT_LUT4_Z.A
Info:                Defined in:
Info:                  /usr/bin/../share/yosys/ecp5/cells_map.v:108.23-108.24
Info:  0.4 35.4  Source u_ibex_top.u_ibex_core.pipesense_control_i.classified_mode_LUT4_B_Z_PFUMX_Z_BLUT_LUT4_Z.OFX
Info:  2.9 38.2    Net u_ibex_top.core_busy_d_LUT4_Z_B[0] budget 1.243000 ns (53,4) -> (16,3)
Info:                Sink u_ibex_top.u_ibex_core.if_stage_i.gen_prefetch_buffer.prefetch_buffer_i.branch_discard_s_L6MUX21_Z_1_D1_L6MUX21_Z_D1_PFUMX_Z_ALUT_LUT4_Z.D
Info:                Defined in:
Info:                  /usr/bin/../share/yosys/ecp5/cells_map.v:108.23-108.24
Info:  0.2 38.5  Source u_ibex_top.u_ibex_core.if_stage_i.gen_prefetch_buffer.prefetch_buffer_i.branch_discard_s_L6MUX21_Z_1_D1_L6MUX21_Z_D1_PFUMX_Z_ALUT_LUT4_Z.F
Info:  0.0 38.5    Net u_ibex_top.u_ibex_core.if_stage_i.gen_prefetch_buffer.prefetch_buffer_i.branch_discard_s_L6MUX21_Z_1_D1_L6MUX21_Z_D1_PFUMX_Z_ALUT budget 1.243000 ns (16,3) -> (16,3)
Info:                Sink u_ibex_top.u_ibex_core.if_stage_i.gen_prefetch_buffer.prefetch_buffer_i.branch_discard_s_L6MUX21_Z_1_D1_L6MUX21_Z_D1_PFUMX_Z_BLUT_LUT4_Z.F1
Info:                Defined in:
Info:                  /usr/bin/../share/yosys/ecp5/cells_map.v:157.46-157.48
Info:  0.2 38.6  Source u_ibex_top.u_ibex_core.if_stage_i.gen_prefetch_buffer.prefetch_buffer_i.branch_discard_s_L6MUX21_Z_1_D1_L6MUX21_Z_D1_PFUMX_Z_BLUT_LUT4_Z.OFX
Info:  0.0 38.6    Net u_ibex_top.u_ibex_core.if_stage_i.gen_prefetch_buffer.prefetch_buffer_i.branch_discard_s_L6MUX21_Z_1_D1_L6MUX21_Z_D1 budget 0.000000 ns (16,3) -> (16,3)
Info:                Sink u_ibex_top.u_ibex_core.if_stage_i.gen_prefetch_buffer.prefetch_buffer_i.branch_discard_s_L6MUX21_Z_1_D1_L6MUX21_Z_D1_PFUMX_Z_ALUT_LUT4_Z.FXB
Info:                Defined in:
Info:                  /usr/bin/../share/yosys/ecp5/cells_map.v:157.62-157.64
Info:  0.2 38.9  Source u_ibex_top.u_ibex_core.if_stage_i.gen_prefetch_buffer.prefetch_buffer_i.branch_discard_s_L6MUX21_Z_1_D1_L6MUX21_Z_D1_PFUMX_Z_ALUT_LUT4_Z.OFX
Info:  0.0 38.9    Net u_ibex_top.u_ibex_core.if_stage_i.gen_prefetch_buffer.prefetch_buffer_i.branch_discard_s_L6MUX21_Z_1_D1 budget 0.000000 ns (16,3) -> (16,3)
Info:                Sink u_ibex_top.u_ibex_core.if_stage_i.gen_prefetch_buffer.prefetch_buffer_i.branch_discard_s_L6MUX21_Z_1_D1_L6MUX21_Z_D0_PFUMX_Z_ALUT_LUT4_Z.FXB
Info:                Defined in:
Info:                  /usr/bin/../share/yosys/ecp5/cells_map.v:157.70-157.72
Info:  0.2 39.1  Source u_ibex_top.u_ibex_core.if_stage_i.gen_prefetch_buffer.prefetch_buffer_i.branch_discard_s_L6MUX21_Z_1_D1_L6MUX21_Z_D0_PFUMX_Z_ALUT_LUT4_Z.OFX
Info:  0.4 39.5    Net u_ibex_top.u_ibex_core.if_stage_i.gen_prefetch_buffer.prefetch_buffer_i.branch_discard_s[0] budget 1.440000 ns (16,3) -> (16,3)
Info:                Sink u_ibex_top.u_ibex_core.if_stage_i.gen_prefetch_buffer.prefetch_buffer_i.branch_discard_q_TRELLIS_FF_Q_1.M
Info:                Defined in:
Info:                  /workspace/integrations/ibex/synth/ibex_fpga_top.v:47.5-103.4
Info:                  /workspace/output/ibex_post_synth/policy2/ibex.v:2899.4-2963.3
Info:                  /workspace/output/ibex_post_synth/policy2/ibex.v:10463.13-10463.29
Info:                  /workspace/output/ibex_post_synth/policy2/ibex.v:8311.48-8331.5
Info:                  /workspace/output/ibex_post_synth/policy2/ibex.v:11176.4-11232.3
Info:  0.0 39.5  Setup u_ibex_top.u_ibex_core.if_stage_i.gen_prefetch_buffer.prefetch_buffer_i.branch_discard_q_TRELLIS_FF_Q_1.M
Info: 10.5 ns logic, 29.0 ns routing

Info: Critical path report for cross-domain path '<async>' -> 'posedge $glbnet$clk_i$TRELLIS_IO_IN':
Info: curr total
Info:  0.0  0.0  Source rst_ni$tr_io.O
Info:  8.2  8.2    Net rst_ni$TRELLIS_IO_IN budget 19.670000 ns (126,23) -> (2,3)
Info:                Sink stimulus_q_TRELLIS_FF_Q_32_LSR_LUT4_Z.D
Info:                Defined in:
Info:                  /workspace/integrations/ibex/synth/ibex_fpga_top.v:47.5-103.4
Info:                  /workspace/output/ibex_post_synth/policy2/ibex.v:3184.4-3215.3
Info:                  /workspace/output/ibex_post_synth/policy2/ibex.v:11731.13-11731.19
Info:                  /workspace/output/ibex_post_synth/policy2/ibex.v:11176.4-11232.3
Info:  0.2  8.5  Source stimulus_q_TRELLIS_FF_Q_32_LSR_LUT4_Z.F
Info:  0.6  9.1    Net stimulus_q_TRELLIS_FF_Q_32_LSR budget 19.670000 ns (2,3) -> (2,4)
Info:                Sink stimulus_q_TRELLIS_FF_Q_32.LSR
Info:  0.4  9.5  Setup stimulus_q_TRELLIS_FF_Q_32.LSR
Info: 0.7 ns logic, 8.8 ns routing

Info: Critical path report for cross-domain path 'posedge $glbnet$clk_i$TRELLIS_IO_IN' -> '<async>':
Info: curr total
Info:  0.5  0.5  Source u_ibex_top.u_ibex_core.if_stage_i.instr_rdata_alu_id_o_TRELLIS_FF_Q_9.Q
Info:  0.9  1.4    Net u_ibex_top.rf_raddr_b[2] budget 0.220000 ns (14,20) -> (15,20)
Info:                Sink u_ibex_top.u_ibex_core.cs_registers_i.debug_ebreakm_o_LUT4_A_Z_LUT4_Z_C_LUT4_Z_C_LUT4_Z_D_LUT4_D_Z_LUT4_Z_2_B_LUT4_C_1_Z_PFUMX_Z_BLUT_LUT4_Z_A_LUT4_Z.A
Info:                Defined in:
Info:                  /workspace/integrations/ibex/synth/ibex_fpga_top.v:47.5-103.4
Info:                  /workspace/output/ibex_post_synth/policy2/ibex.v:2619.20-2619.32
Info:                  /workspace/output/ibex_post_synth/policy2/ibex.v:11176.4-11232.3
Info:  0.2  1.7  Source u_ibex_top.u_ibex_core.cs_registers_i.debug_ebreakm_o_LUT4_A_Z_LUT4_Z_C_LUT4_Z_C_LUT4_Z_D_LUT4_D_Z_LUT4_Z_2_B_LUT4_C_1_Z_PFUMX_Z_BLUT_LUT4_Z_A_LUT4_Z.F
Info:  2.5  4.2    Net u_ibex_top.u_ibex_core.cs_registers_i.debug_ebreakm_o_LUT4_A_Z_LUT4_Z_C_LUT4_Z_C_LUT4_Z_D_LUT4_D_Z_LUT4_Z_2_B_LUT4_C_1_Z_PFUMX_Z_BLUT_LUT4_Z_A[0] budget 0.220000 ns (15,20) -> (33,25)
Info:                Sink u_ibex_top.u_ibex_core.cs_registers_i.debug_ebreakm_o_LUT4_A_Z_LUT4_Z_C_LUT4_Z_C_LUT4_Z_D_LUT4_D_Z_LUT4_Z_2_B_LUT4_C_1_Z_PFUMX_Z_BLUT_LUT4_Z_A_LUT4_D.D
Info:                Defined in:
Info:                  /usr/bin/../share/yosys/ecp5/cells_map.v:108.23-108.24
Info:  0.2  4.4  Source u_ibex_top.u_ibex_core.cs_registers_i.debug_ebreakm_o_LUT4_A_Z_LUT4_Z_C_LUT4_Z_C_LUT4_Z_D_LUT4_D_Z_LUT4_Z_2_B_LUT4_C_1_Z_PFUMX_Z_BLUT_LUT4_Z_A_LUT4_D.F
Info:  2.2  6.6    Net u_ibex_top.u_ibex_core.cs_registers_i.debug_ebreakm_o_LUT4_A_Z_LUT4_Z_C_LUT4_Z_C_LUT4_Z_D_LUT4_D_Z_LUT4_Z_2_B_LUT4_C_1_Z_PFUMX_Z_BLUT_LUT4_Z_A_LUT4_D_Z[2] budget 0.220000 ns (33,25) -> (7,26)
Info:                Sink u_ibex_top.u_ibex_core.id_stage_i.imd_val_d_ex_i_LUT4_Z_31_B_LUT4_Z_A_LUT4_Z_1_A_LUT4_Z_3_A_LUT4_Z_2.C
Info:                Defined in:
Info:                  /usr/bin/../share/yosys/ecp5/cells_map.v:108.23-108.24
Info:  0.2  6.8  Source u_ibex_top.u_ibex_core.id_stage_i.imd_val_d_ex_i_LUT4_Z_31_B_LUT4_Z_A_LUT4_Z_1_A_LUT4_Z_3_A_LUT4_Z_2.F
Info:  0.6  7.5    Net u_ibex_top.u_ibex_core.id_stage_i.imd_val_d_ex_i_LUT4_Z_31_B_LUT4_Z_A_LUT4_Z_1_A_LUT4_Z_3_A[1] budget 0.219000 ns (7,26) -> (7,26)
Info:                Sink u_ibex_top.u_ibex_core.id_stage_i.imd_val_d_ex_i_LUT4_Z_31_B_LUT4_Z_A_LUT4_Z_1_A_LUT4_Z_3.B
Info:                Defined in:
Info:                  /usr/bin/../share/yosys/ecp5/cells_map.v:108.23-108.24
Info:  0.2  7.7  Source u_ibex_top.u_ibex_core.id_stage_i.imd_val_d_ex_i_LUT4_Z_31_B_LUT4_Z_A_LUT4_Z_1_A_LUT4_Z_3.F
Info:  0.8  8.5    Net u_ibex_top.u_ibex_core.id_stage_i.imd_val_d_ex_i_LUT4_Z_31_B_LUT4_Z_A_LUT4_Z_1_A[0] budget 0.219000 ns (7,26) -> (8,26)
Info:                Sink u_ibex_top.u_ibex_core.id_stage_i.imd_val_d_ex_i_LUT4_Z_31_B_LUT4_Z_A_LUT4_Z_1.A
Info:                Defined in:
Info:                  /usr/bin/../share/yosys/ecp5/cells_map.v:108.23-108.24
Info:  0.2  8.8  Source u_ibex_top.u_ibex_core.id_stage_i.imd_val_d_ex_i_LUT4_Z_31_B_LUT4_Z_A_LUT4_Z_1.F
Info:  0.9  9.6    Net u_ibex_top.u_ibex_core.id_stage_i.imd_val_d_ex_i_LUT4_Z_31_B_LUT4_Z_A[0] budget 0.219000 ns (8,26) -> (10,26)
Info:                Sink u_ibex_top.u_ibex_core.id_stage_i.imd_val_d_ex_i_LUT4_Z_31_B_LUT4_Z.A
Info:                Defined in:
Info:                  /usr/bin/../share/yosys/ecp5/cells_map.v:108.23-108.24
Info:  0.2  9.9  Source u_ibex_top.u_ibex_core.id_stage_i.imd_val_d_ex_i_LUT4_Z_31_B_LUT4_Z.F
Info:  2.8 12.7    Net u_ibex_top.u_ibex_core.id_stage_i.imd_val_d_ex_i_LUT4_Z_23_A[2] budget 0.219000 ns (10,26) -> (37,8)
Info:                Sink u_ibex_top.u_ibex_core.ex_block_i.alu_i.adder_in_b_LUT4_Z_31_A_LUT4_Z_C_LUT4_Z_1.C
Info:                Defined in:
Info:                  /usr/bin/../share/yosys/ecp5/cells_map.v:108.23-108.24
Info:  0.2 12.9  Source u_ibex_top.u_ibex_core.ex_block_i.alu_i.adder_in_b_LUT4_Z_31_A_LUT4_Z_C_LUT4_Z_1.F
Info:  0.6 13.6    Net u_ibex_top.u_ibex_core.ex_block_i.alu_i.adder_in_b_LUT4_Z_31_A_LUT4_Z_C[2] budget 0.219000 ns (37,8) -> (37,8)
Info:                Sink u_ibex_top.u_ibex_core.ex_block_i.alu_i.adder_in_b_LUT4_Z_31_A_LUT4_Z.C
Info:                Defined in:
Info:                  /usr/bin/../share/yosys/ecp5/cells_map.v:108.23-108.24
Info:  0.2 13.8  Source u_ibex_top.u_ibex_core.ex_block_i.alu_i.adder_in_b_LUT4_Z_31_A_LUT4_Z.F
Info:  0.9 14.7    Net u_ibex_top.u_ibex_core.ex_block_i.alu_i.adder_in_b_LUT4_Z_31_A[0] budget 0.219000 ns (37,8) -> (37,11)
Info:                Sink u_ibex_top.u_ibex_core.ex_block_i.alu_i.adder_in_b_LUT4_Z_31.A
Info:                Defined in:
Info:                  /usr/bin/../share/yosys/ecp5/cells_map.v:108.23-108.24
Info:  0.2 15.0  Source u_ibex_top.u_ibex_core.ex_block_i.alu_i.adder_in_b_LUT4_Z_31.F
Info:  1.1 16.1    Net u_ibex_top.u_ibex_core.ex_block_i.alu_i.adder_in_b[1] budget 0.219000 ns (37,11) -> (37,9)
Info:                Sink u_ibex_top.u_ibex_core.ex_block_i.alu_adder_result_ext_CCU2C_S0_16$CCU2_COMB1.A
Info:                Defined in:
Info:                  /workspace/integrations/ibex/synth/ibex_fpga_top.v:47.5-103.4
Info:                  /workspace/output/ibex_post_synth/policy2/ibex.v:3113.4-3140.3
Info:                  /workspace/output/ibex_post_synth/policy2/ibex.v:466.13-466.23
Info:                  /workspace/output/ibex_post_synth/policy2/ibex.v:6004.28-6020.3
Info:                  /workspace/output/ibex_post_synth/policy2/ibex.v:11176.4-11232.3
Info:  0.4 16.6  Source u_ibex_top.u_ibex_core.ex_block_i.alu_adder_result_ext_CCU2C_S0_16$CCU2_COMB1.FCO
Info:  0.0 16.6    Net u_ibex_top.u_ibex_core.ex_block_i.alu_adder_result_ext_CCU2C_S0_3_COUT[0] budget 0.000000 ns (37,9) -> (37,9)
Info:                Sink u_ibex_top.u_ibex_core.ex_block_i.alu_adder_result_ext_CCU2C_S0_5$CCU2_COMB0.FCI
Info:                Defined in:
Info:                  /workspace/integrations/ibex/synth/ibex_fpga_top.v:47.5-103.4
Info:                  /workspace/output/ibex_post_synth/policy2/ibex.v:3113.4-3140.3
Info:                  /workspace/output/ibex_post_synth/policy2/ibex.v:514.30-514.75
Info:                  /workspace/output/ibex_post_synth/policy2/ibex.v:6004.28-6020.3
Info:                  /workspace/output/ibex_post_synth/policy2/ibex.v:11176.4-11232.3
Info:                  /usr/bin/../share/yosys/ecp5/arith_map.v:63.22-63.23
Info:  0.1 16.6  Source u_ibex_top.u_ibex_core.ex_block_i.alu_adder_result_ext_CCU2C_S0_5$CCU2_COMB0.FCO
Info:  0.0 16.6    Net u_ibex_top.u_ibex_core.ex_block_i.alu_adder_result_ext_CCU2C_S0_5$CCU2_FCI_INT budget 0.000000 ns (37,9) -> (37,9)
Info:                Sink u_ibex_top.u_ibex_core.ex_block_i.alu_adder_result_ext_CCU2C_S0_5$CCU2_COMB1.FCI
Info:  0.0 16.6  Source u_ibex_top.u_ibex_core.ex_block_i.alu_adder_result_ext_CCU2C_S0_5$CCU2_COMB1.FCO
Info:  0.0 16.6    Net u_ibex_top.u_ibex_core.ex_block_i.alu_adder_result_ext_CCU2C_S0_3_COUT[2] budget 0.000000 ns (37,9) -> (37,9)
Info:                Sink u_ibex_top.u_ibex_core.ex_block_i.alu_adder_result_ext_CCU2C_S0_2$CCU2_COMB0.FCI
Info:                Defined in:
Info:                  /workspace/integrations/ibex/synth/ibex_fpga_top.v:47.5-103.4
Info:                  /workspace/output/ibex_post_synth/policy2/ibex.v:3113.4-3140.3
Info:                  /workspace/output/ibex_post_synth/policy2/ibex.v:514.30-514.75
Info:                  /workspace/output/ibex_post_synth/policy2/ibex.v:6004.28-6020.3
Info:                  /workspace/output/ibex_post_synth/policy2/ibex.v:11176.4-11232.3
Info:                  /usr/bin/../share/yosys/ecp5/arith_map.v:63.22-63.23
Info:  0.1 16.7  Source u_ibex_top.u_ibex_core.ex_block_i.alu_adder_result_ext_CCU2C_S0_2$CCU2_COMB0.FCO
Info:  0.0 16.7    Net u_ibex_top.u_ibex_core.ex_block_i.alu_adder_result_ext_CCU2C_S0_2$CCU2_FCI_INT budget 0.000000 ns (37,9) -> (37,9)
Info:                Sink u_ibex_top.u_ibex_core.ex_block_i.alu_adder_result_ext_CCU2C_S0_2$CCU2_COMB1.FCI
Info:  0.0 16.7  Source u_ibex_top.u_ibex_core.ex_block_i.alu_adder_result_ext_CCU2C_S0_2$CCU2_COMB1.FCO
Info:  0.0 16.7    Net u_ibex_top.u_ibex_core.ex_block_i.alu_adder_result_ext_CCU2C_S0_3_COUT[4] budget 0.000000 ns (37,9) -> (38,9)
Info:                Sink u_ibex_top.u_ibex_core.ex_block_i.alu_adder_result_ext_CCU2C_S0_1$CCU2_COMB0.FCI
Info:                Defined in:
Info:                  /workspace/integrations/ibex/synth/ibex_fpga_top.v:47.5-103.4
Info:                  /workspace/output/ibex_post_synth/policy2/ibex.v:3113.4-3140.3
Info:                  /workspace/output/ibex_post_synth/policy2/ibex.v:514.30-514.75
Info:                  /workspace/output/ibex_post_synth/policy2/ibex.v:6004.28-6020.3
Info:                  /workspace/output/ibex_post_synth/policy2/ibex.v:11176.4-11232.3
Info:                  /usr/bin/../share/yosys/ecp5/arith_map.v:63.22-63.23
Info:  0.1 16.8  Source u_ibex_top.u_ibex_core.ex_block_i.alu_adder_result_ext_CCU2C_S0_1$CCU2_COMB0.FCO
Info:  0.0 16.8    Net u_ibex_top.u_ibex_core.ex_block_i.alu_adder_result_ext_CCU2C_S0_1$CCU2_FCI_INT budget 0.000000 ns (38,9) -> (38,9)
Info:                Sink u_ibex_top.u_ibex_core.ex_block_i.alu_adder_result_ext_CCU2C_S0_1$CCU2_COMB1.FCI
Info:  0.0 16.8  Source u_ibex_top.u_ibex_core.ex_block_i.alu_adder_result_ext_CCU2C_S0_1$CCU2_COMB1.FCO
Info:  0.0 16.8    Net u_ibex_top.u_ibex_core.ex_block_i.alu_adder_result_ext_CCU2C_S0_3_COUT[6] budget 0.000000 ns (38,9) -> (38,9)
Info:                Sink u_ibex_top.u_ibex_core.ex_block_i.alu_adder_result_ext_CCU2C_S0$CCU2_COMB0.FCI
Info:                Defined in:
Info:                  /workspace/integrations/ibex/synth/ibex_fpga_top.v:47.5-103.4
Info:                  /workspace/output/ibex_post_synth/policy2/ibex.v:3113.4-3140.3
Info:                  /workspace/output/ibex_post_synth/policy2/ibex.v:514.30-514.75
Info:                  /workspace/output/ibex_post_synth/policy2/ibex.v:6004.28-6020.3
Info:                  /workspace/output/ibex_post_synth/policy2/ibex.v:11176.4-11232.3
Info:                  /usr/bin/../share/yosys/ecp5/arith_map.v:63.22-63.23
Info:  0.1 16.8  Source u_ibex_top.u_ibex_core.ex_block_i.alu_adder_result_ext_CCU2C_S0$CCU2_COMB0.FCO
Info:  0.0 16.8    Net u_ibex_top.u_ibex_core.ex_block_i.alu_adder_result_ext_CCU2C_S0$CCU2_FCI_INT budget 0.000000 ns (38,9) -> (38,9)
Info:                Sink u_ibex_top.u_ibex_core.ex_block_i.alu_adder_result_ext_CCU2C_S0$CCU2_COMB1.FCI
Info:  0.0 16.8  Source u_ibex_top.u_ibex_core.ex_block_i.alu_adder_result_ext_CCU2C_S0$CCU2_COMB1.FCO
Info:  0.0 16.8    Net u_ibex_top.u_ibex_core.ex_block_i.alu_adder_result_ext_CCU2C_S0_3_COUT[8] budget 0.000000 ns (38,9) -> (38,9)
Info:                Sink u_ibex_top.u_ibex_core.ex_block_i.alu_adder_result_ext_CCU2C_S0_15$CCU2_COMB0.FCI
Info:                Defined in:
Info:                  /workspace/integrations/ibex/synth/ibex_fpga_top.v:47.5-103.4
Info:                  /workspace/output/ibex_post_synth/policy2/ibex.v:3113.4-3140.3
Info:                  /workspace/output/ibex_post_synth/policy2/ibex.v:514.30-514.75
Info:                  /workspace/output/ibex_post_synth/policy2/ibex.v:6004.28-6020.3
Info:                  /workspace/output/ibex_post_synth/policy2/ibex.v:11176.4-11232.3
Info:                  /usr/bin/../share/yosys/ecp5/arith_map.v:63.22-63.23
Info:  0.1 16.9  Source u_ibex_top.u_ibex_core.ex_block_i.alu_adder_result_ext_CCU2C_S0_15$CCU2_COMB0.FCO
Info:  0.0 16.9    Net u_ibex_top.u_ibex_core.ex_block_i.alu_adder_result_ext_CCU2C_S0_15$CCU2_FCI_INT budget 0.000000 ns (38,9) -> (38,9)
Info:                Sink u_ibex_top.u_ibex_core.ex_block_i.alu_adder_result_ext_CCU2C_S0_15$CCU2_COMB1.FCI
Info:  0.0 16.9  Source u_ibex_top.u_ibex_core.ex_block_i.alu_adder_result_ext_CCU2C_S0_15$CCU2_COMB1.FCO
Info:  0.0 16.9    Net u_ibex_top.u_ibex_core.ex_block_i.alu_adder_result_ext_CCU2C_S0_3_COUT[10] budget 0.000000 ns (38,9) -> (38,9)
Info:                Sink u_ibex_top.u_ibex_core.ex_block_i.alu_adder_result_ext_CCU2C_S0_14$CCU2_COMB0.FCI
Info:                Defined in:
Info:                  /workspace/integrations/ibex/synth/ibex_fpga_top.v:47.5-103.4
Info:                  /workspace/output/ibex_post_synth/policy2/ibex.v:3113.4-3140.3
Info:                  /workspace/output/ibex_post_synth/policy2/ibex.v:514.30-514.75
Info:                  /workspace/output/ibex_post_synth/policy2/ibex.v:6004.28-6020.3
Info:                  /workspace/output/ibex_post_synth/policy2/ibex.v:11176.4-11232.3
Info:                  /usr/bin/../share/yosys/ecp5/arith_map.v:63.22-63.23
Info:  0.1 17.0  Source u_ibex_top.u_ibex_core.ex_block_i.alu_adder_result_ext_CCU2C_S0_14$CCU2_COMB0.FCO
Info:  0.0 17.0    Net u_ibex_top.u_ibex_core.ex_block_i.alu_adder_result_ext_CCU2C_S0_14$CCU2_FCI_INT budget 0.000000 ns (38,9) -> (38,9)
Info:                Sink u_ibex_top.u_ibex_core.ex_block_i.alu_adder_result_ext_CCU2C_S0_14$CCU2_COMB1.FCI
Info:  0.0 17.0  Source u_ibex_top.u_ibex_core.ex_block_i.alu_adder_result_ext_CCU2C_S0_14$CCU2_COMB1.FCO
Info:  0.0 17.0    Net u_ibex_top.u_ibex_core.ex_block_i.alu_adder_result_ext_CCU2C_S0_3_COUT[12] budget 0.000000 ns (38,9) -> (39,9)
Info:                Sink u_ibex_top.u_ibex_core.ex_block_i.alu_adder_result_ext_CCU2C_S0_13$CCU2_COMB0.FCI
Info:                Defined in:
Info:                  /workspace/integrations/ibex/synth/ibex_fpga_top.v:47.5-103.4
Info:                  /workspace/output/ibex_post_synth/policy2/ibex.v:3113.4-3140.3
Info:                  /workspace/output/ibex_post_synth/policy2/ibex.v:514.30-514.75
Info:                  /workspace/output/ibex_post_synth/policy2/ibex.v:6004.28-6020.3
Info:                  /workspace/output/ibex_post_synth/policy2/ibex.v:11176.4-11232.3
Info:                  /usr/bin/../share/yosys/ecp5/arith_map.v:63.22-63.23
Info:  0.1 17.0  Source u_ibex_top.u_ibex_core.ex_block_i.alu_adder_result_ext_CCU2C_S0_13$CCU2_COMB0.FCO
Info:  0.0 17.0    Net u_ibex_top.u_ibex_core.ex_block_i.alu_adder_result_ext_CCU2C_S0_13$CCU2_FCI_INT budget 0.000000 ns (39,9) -> (39,9)
Info:                Sink u_ibex_top.u_ibex_core.ex_block_i.alu_adder_result_ext_CCU2C_S0_13$CCU2_COMB1.FCI
Info:  0.0 17.0  Source u_ibex_top.u_ibex_core.ex_block_i.alu_adder_result_ext_CCU2C_S0_13$CCU2_COMB1.FCO
Info:  0.0 17.0    Net u_ibex_top.u_ibex_core.ex_block_i.alu_adder_result_ext_CCU2C_S0_3_COUT[14] budget 0.000000 ns (39,9) -> (39,9)
Info:                Sink u_ibex_top.u_ibex_core.ex_block_i.alu_adder_result_ext_CCU2C_S0_12$CCU2_COMB0.FCI
Info:                Defined in:
Info:                  /workspace/integrations/ibex/synth/ibex_fpga_top.v:47.5-103.4
Info:                  /workspace/output/ibex_post_synth/policy2/ibex.v:3113.4-3140.3
Info:                  /workspace/output/ibex_post_synth/policy2/ibex.v:514.30-514.75
Info:                  /workspace/output/ibex_post_synth/policy2/ibex.v:6004.28-6020.3
Info:                  /workspace/output/ibex_post_synth/policy2/ibex.v:11176.4-11232.3
Info:                  /usr/bin/../share/yosys/ecp5/arith_map.v:63.22-63.23
Info:  0.1 17.1  Source u_ibex_top.u_ibex_core.ex_block_i.alu_adder_result_ext_CCU2C_S0_12$CCU2_COMB0.FCO
Info:  0.0 17.1    Net u_ibex_top.u_ibex_core.ex_block_i.alu_adder_result_ext_CCU2C_S0_12$CCU2_FCI_INT budget 0.000000 ns (39,9) -> (39,9)
Info:                Sink u_ibex_top.u_ibex_core.ex_block_i.alu_adder_result_ext_CCU2C_S0_12$CCU2_COMB1.FCI
Info:  0.0 17.1  Source u_ibex_top.u_ibex_core.ex_block_i.alu_adder_result_ext_CCU2C_S0_12$CCU2_COMB1.FCO
Info:  0.0 17.1    Net u_ibex_top.u_ibex_core.ex_block_i.alu_adder_result_ext_CCU2C_S0_3_COUT[16] budget 0.000000 ns (39,9) -> (39,9)
Info:                Sink u_ibex_top.u_ibex_core.ex_block_i.alu_adder_result_ext_CCU2C_S0_11$CCU2_COMB0.FCI
Info:                Defined in:
Info:                  /workspace/integrations/ibex/synth/ibex_fpga_top.v:47.5-103.4
Info:                  /workspace/output/ibex_post_synth/policy2/ibex.v:3113.4-3140.3
Info:                  /workspace/output/ibex_post_synth/policy2/ibex.v:514.30-514.75
Info:                  /workspace/output/ibex_post_synth/policy2/ibex.v:6004.28-6020.3
Info:                  /workspace/output/ibex_post_synth/policy2/ibex.v:11176.4-11232.3
Info:                  /usr/bin/../share/yosys/ecp5/arith_map.v:63.22-63.23
Info:  0.1 17.2  Source u_ibex_top.u_ibex_core.ex_block_i.alu_adder_result_ext_CCU2C_S0_11$CCU2_COMB0.FCO
Info:  0.0 17.2    Net u_ibex_top.u_ibex_core.ex_block_i.alu_adder_result_ext_CCU2C_S0_11$CCU2_FCI_INT budget 0.000000 ns (39,9) -> (39,9)
Info:                Sink u_ibex_top.u_ibex_core.ex_block_i.alu_adder_result_ext_CCU2C_S0_11$CCU2_COMB1.FCI
Info:  0.0 17.2  Source u_ibex_top.u_ibex_core.ex_block_i.alu_adder_result_ext_CCU2C_S0_11$CCU2_COMB1.FCO
Info:  0.0 17.2    Net u_ibex_top.u_ibex_core.ex_block_i.alu_adder_result_ext_CCU2C_S0_3_COUT[18] budget 0.000000 ns (39,9) -> (39,9)
Info:                Sink u_ibex_top.u_ibex_core.ex_block_i.alu_adder_result_ext_CCU2C_S0_10$CCU2_COMB0.FCI
Info:                Defined in:
Info:                  /workspace/integrations/ibex/synth/ibex_fpga_top.v:47.5-103.4
Info:                  /workspace/output/ibex_post_synth/policy2/ibex.v:3113.4-3140.3
Info:                  /workspace/output/ibex_post_synth/policy2/ibex.v:514.30-514.75
Info:                  /workspace/output/ibex_post_synth/policy2/ibex.v:6004.28-6020.3
Info:                  /workspace/output/ibex_post_synth/policy2/ibex.v:11176.4-11232.3
Info:                  /usr/bin/../share/yosys/ecp5/arith_map.v:63.22-63.23
Info:  0.1 17.3  Source u_ibex_top.u_ibex_core.ex_block_i.alu_adder_result_ext_CCU2C_S0_10$CCU2_COMB0.FCO
Info:  0.0 17.3    Net u_ibex_top.u_ibex_core.ex_block_i.alu_adder_result_ext_CCU2C_S0_10$CCU2_FCI_INT budget 0.000000 ns (39,9) -> (39,9)
Info:                Sink u_ibex_top.u_ibex_core.ex_block_i.alu_adder_result_ext_CCU2C_S0_10$CCU2_COMB1.FCI
Info:  0.0 17.3  Source u_ibex_top.u_ibex_core.ex_block_i.alu_adder_result_ext_CCU2C_S0_10$CCU2_COMB1.FCO
Info:  0.0 17.3    Net u_ibex_top.u_ibex_core.ex_block_i.alu_adder_result_ext_CCU2C_S0_3_COUT[20] budget 0.000000 ns (39,9) -> (40,9)
Info:                Sink u_ibex_top.u_ibex_core.ex_block_i.alu_adder_result_ext_CCU2C_S0_9$CCU2_COMB0.FCI
Info:                Defined in:
Info:                  /workspace/integrations/ibex/synth/ibex_fpga_top.v:47.5-103.4
Info:                  /workspace/output/ibex_post_synth/policy2/ibex.v:3113.4-3140.3
Info:                  /workspace/output/ibex_post_synth/policy2/ibex.v:514.30-514.75
Info:                  /workspace/output/ibex_post_synth/policy2/ibex.v:6004.28-6020.3
Info:                  /workspace/output/ibex_post_synth/policy2/ibex.v:11176.4-11232.3
Info:                  /usr/bin/../share/yosys/ecp5/arith_map.v:63.22-63.23
Info:  0.1 17.3  Source u_ibex_top.u_ibex_core.ex_block_i.alu_adder_result_ext_CCU2C_S0_9$CCU2_COMB0.FCO
Info:  0.0 17.3    Net u_ibex_top.u_ibex_core.ex_block_i.alu_adder_result_ext_CCU2C_S0_9$CCU2_FCI_INT budget 0.000000 ns (40,9) -> (40,9)
Info:                Sink u_ibex_top.u_ibex_core.ex_block_i.alu_adder_result_ext_CCU2C_S0_9$CCU2_COMB1.FCI
Info:  0.0 17.3  Source u_ibex_top.u_ibex_core.ex_block_i.alu_adder_result_ext_CCU2C_S0_9$CCU2_COMB1.FCO
Info:  0.0 17.3    Net u_ibex_top.u_ibex_core.ex_block_i.alu_adder_result_ext_CCU2C_S0_3_COUT[22] budget 0.000000 ns (40,9) -> (40,9)
Info:                Sink u_ibex_top.u_ibex_core.ex_block_i.alu_adder_result_ext_CCU2C_S0_8$CCU2_COMB0.FCI
Info:                Defined in:
Info:                  /workspace/integrations/ibex/synth/ibex_fpga_top.v:47.5-103.4
Info:                  /workspace/output/ibex_post_synth/policy2/ibex.v:3113.4-3140.3
Info:                  /workspace/output/ibex_post_synth/policy2/ibex.v:514.30-514.75
Info:                  /workspace/output/ibex_post_synth/policy2/ibex.v:6004.28-6020.3
Info:                  /workspace/output/ibex_post_synth/policy2/ibex.v:11176.4-11232.3
Info:                  /usr/bin/../share/yosys/ecp5/arith_map.v:63.22-63.23
Info:  0.1 17.4  Source u_ibex_top.u_ibex_core.ex_block_i.alu_adder_result_ext_CCU2C_S0_8$CCU2_COMB0.FCO
Info:  0.0 17.4    Net u_ibex_top.u_ibex_core.ex_block_i.alu_adder_result_ext_CCU2C_S0_8$CCU2_FCI_INT budget 0.000000 ns (40,9) -> (40,9)
Info:                Sink u_ibex_top.u_ibex_core.ex_block_i.alu_adder_result_ext_CCU2C_S0_8$CCU2_COMB1.FCI
Info:  0.0 17.4  Source u_ibex_top.u_ibex_core.ex_block_i.alu_adder_result_ext_CCU2C_S0_8$CCU2_COMB1.FCO
Info:  0.0 17.4    Net u_ibex_top.u_ibex_core.ex_block_i.alu_adder_result_ext_CCU2C_S0_3_COUT[24] budget 0.000000 ns (40,9) -> (40,9)
Info:                Sink u_ibex_top.u_ibex_core.ex_block_i.alu_adder_result_ext_CCU2C_S0_7$CCU2_COMB0.FCI
Info:                Defined in:
Info:                  /workspace/integrations/ibex/synth/ibex_fpga_top.v:47.5-103.4
Info:                  /workspace/output/ibex_post_synth/policy2/ibex.v:3113.4-3140.3
Info:                  /workspace/output/ibex_post_synth/policy2/ibex.v:514.30-514.75
Info:                  /workspace/output/ibex_post_synth/policy2/ibex.v:6004.28-6020.3
Info:                  /workspace/output/ibex_post_synth/policy2/ibex.v:11176.4-11232.3
Info:                  /usr/bin/../share/yosys/ecp5/arith_map.v:63.22-63.23
Info:  0.1 17.5  Source u_ibex_top.u_ibex_core.ex_block_i.alu_adder_result_ext_CCU2C_S0_7$CCU2_COMB0.FCO
Info:  0.0 17.5    Net u_ibex_top.u_ibex_core.ex_block_i.alu_adder_result_ext_CCU2C_S0_7$CCU2_FCI_INT budget 0.000000 ns (40,9) -> (40,9)
Info:                Sink u_ibex_top.u_ibex_core.ex_block_i.alu_adder_result_ext_CCU2C_S0_7$CCU2_COMB1.FCI
Info:  0.0 17.5  Source u_ibex_top.u_ibex_core.ex_block_i.alu_adder_result_ext_CCU2C_S0_7$CCU2_COMB1.FCO
Info:  0.0 17.5    Net u_ibex_top.u_ibex_core.ex_block_i.alu_adder_result_ext_CCU2C_S0_3_COUT[26] budget 0.000000 ns (40,9) -> (40,9)
Info:                Sink u_ibex_top.u_ibex_core.ex_block_i.alu_adder_result_ext_CCU2C_S0_6$CCU2_COMB0.FCI
Info:                Defined in:
Info:                  /workspace/integrations/ibex/synth/ibex_fpga_top.v:47.5-103.4
Info:                  /workspace/output/ibex_post_synth/policy2/ibex.v:3113.4-3140.3
Info:                  /workspace/output/ibex_post_synth/policy2/ibex.v:514.30-514.75
Info:                  /workspace/output/ibex_post_synth/policy2/ibex.v:6004.28-6020.3
Info:                  /workspace/output/ibex_post_synth/policy2/ibex.v:11176.4-11232.3
Info:                  /usr/bin/../share/yosys/ecp5/arith_map.v:63.22-63.23
Info:  0.1 17.5  Source u_ibex_top.u_ibex_core.ex_block_i.alu_adder_result_ext_CCU2C_S0_6$CCU2_COMB0.FCO
Info:  0.0 17.5    Net u_ibex_top.u_ibex_core.ex_block_i.alu_adder_result_ext_CCU2C_S0_6$CCU2_FCI_INT budget 0.000000 ns (40,9) -> (40,9)
Info:                Sink u_ibex_top.u_ibex_core.ex_block_i.alu_adder_result_ext_CCU2C_S0_6$CCU2_COMB1.FCI
Info:  0.4 18.0  Source u_ibex_top.u_ibex_core.ex_block_i.alu_adder_result_ext_CCU2C_S0_6$CCU2_COMB1.F
Info:  0.9 18.8    Net data_addr_o[28] budget 0.201000 ns (40,9) -> (41,9)
Info:                Sink u_ibex_top.u_ibex_core.ex_block_i.alu_i.is_equal_LUT4_Z_A_LUT4_Z_2_A_LUT4_Z_3.A
Info:                Defined in:
Info:                  /workspace/integrations/ibex/synth/ibex_fpga_top.v:47.5-103.4
Info:                  /workspace/output/ibex_post_synth/policy2/ibex.v:3147.4-3179.3
Info:                  /workspace/output/ibex_post_synth/policy2/ibex.v:8656.14-8656.33
Info:                  /workspace/output/ibex_post_synth/policy2/ibex.v:11176.4-11232.3
Info:  0.2 19.1  Source u_ibex_top.u_ibex_core.ex_block_i.alu_i.is_equal_LUT4_Z_A_LUT4_Z_2_A_LUT4_Z_3.F
Info:  1.1 20.2    Net u_ibex_top.u_ibex_core.ex_block_i.alu_i.is_equal_LUT4_Z_A_LUT4_Z_2_A[0] budget 0.200000 ns (41,9) -> (40,8)
Info:                Sink u_ibex_top.u_ibex_core.ex_block_i.alu_i.is_equal_LUT4_Z_A_LUT4_Z_2.A
Info:                Defined in:
Info:                  /usr/bin/../share/yosys/ecp5/cells_map.v:108.23-108.24
Info:  0.2 20.4  Source u_ibex_top.u_ibex_core.ex_block_i.alu_i.is_equal_LUT4_Z_A_LUT4_Z_2.F
Info:  1.2 21.7    Net u_ibex_top.u_ibex_core.ex_block_i.alu_i.is_equal_LUT4_Z_A[1] budget 0.200000 ns (40,8) -> (44,7)
Info:                Sink u_ibex_top.u_ibex_core.ex_block_i.alu_i.is_equal_LUT4_Z.B
Info:                Defined in:
Info:                  /usr/bin/../share/yosys/ecp5/cells_map.v:108.23-108.24
Info:  0.2 21.9  Source u_ibex_top.u_ibex_core.ex_block_i.alu_i.is_equal_LUT4_Z.F
Info:  2.2 24.1    Net u_ibex_top.u_ibex_core.ex_block_i.alu_is_equal_result budget 0.200000 ns (44,7) -> (28,11)
Info:                Sink u_ibex_top.u_ibex_core.pipesense_control_i.branch_i_LUT4_Z_C_LUT4_D_Z_LUT4_Z_1.C
Info:                Defined in:
Info:                  /usr/bin/../share/yosys/ecp5/cells_map.v:108.23-108.24
Info:  0.2 24.3  Source u_ibex_top.u_ibex_core.pipesense_control_i.branch_i_LUT4_Z_C_LUT4_D_Z_LUT4_Z_1.F
Info:  0.6 24.9    Net u_ibex_top.u_ibex_core.pipesense_control_i.branch_i_LUT4_Z_C_LUT4_D_Z[1] budget 0.373000 ns (28,11) -> (28,11)
Info:                Sink u_ibex_top.u_ibex_core.pipesense_control_i.branch_i_LUT4_Z_C_LUT4_C_Z_L6MUX21_Z_1_D0_PFUMX_Z_ALUT_LUT4_Z.B
Info:                Defined in:
Info:                  /usr/bin/../share/yosys/ecp5/cells_map.v:108.23-108.24
Info:  0.2 25.2  Source u_ibex_top.u_ibex_core.pipesense_control_i.branch_i_LUT4_Z_C_LUT4_C_Z_L6MUX21_Z_1_D0_PFUMX_Z_ALUT_LUT4_Z.F
Info:  0.0 25.2    Net u_ibex_top.u_ibex_core.pipesense_control_i.branch_i_LUT4_Z_C_LUT4_C_Z_L6MUX21_Z_1_D0_PFUMX_Z_ALUT budget 0.372000 ns (28,11) -> (28,11)
Info:                Sink u_ibex_top.u_ibex_core.pipesense_control_i.branch_i_LUT4_Z_C_LUT4_C_Z_L6MUX21_Z_1_D0_PFUMX_Z_BLUT_LUT4_Z.F1
Info:                Defined in:
Info:                  /usr/bin/../share/yosys/ecp5/cells_map.v:141.22-141.24
Info:  0.2 25.3  Source u_ibex_top.u_ibex_core.pipesense_control_i.branch_i_LUT4_Z_C_LUT4_C_Z_L6MUX21_Z_1_D0_PFUMX_Z_BLUT_LUT4_Z.OFX
Info:  0.0 25.3    Net u_ibex_top.u_ibex_core.pipesense_control_i.branch_i_LUT4_Z_C_LUT4_C_Z_L6MUX21_Z_1_D0 budget 0.000000 ns (28,11) -> (28,11)
Info:                Sink u_ibex_top.u_ibex_core.pipesense_control_i.branch_i_LUT4_Z_C_LUT4_C_Z_L6MUX21_Z_1_D1_PFUMX_Z_ALUT_LUT4_Z.FXA
Info:                Defined in:
Info:                  /usr/bin/../share/yosys/ecp5/cells_map.v:141.34-141.36
Info:  0.2 25.6  Source u_ibex_top.u_ibex_core.pipesense_control_i.branch_i_LUT4_Z_C_LUT4_C_Z_L6MUX21_Z_1_D1_PFUMX_Z_ALUT_LUT4_Z.OFX
Info:  1.0 26.6    Net u_ibex_top.u_ibex_core.id_stage_i.id_fsm_q_TRELLIS_FF_Q_DI_PFUMX_Z_BLUT_LUT4_Z_C[1] budget 0.792000 ns (28,11) -> (19,12)
Info:                Sink u_ibex_top.u_ibex_core.id_stage_i.controller_i.exc_req_d_LUT4_C_Z_L6MUX21_Z_D1_L6MUX21_Z_D0_PFUMX_Z_ALUT_LUT4_Z.D
Info:                Defined in:
Info:                  /usr/bin/../share/yosys/ecp5/cells_map.v:108.23-108.24
Info:  0.2 26.8  Source u_ibex_top.u_ibex_core.id_stage_i.controller_i.exc_req_d_LUT4_C_Z_L6MUX21_Z_D1_L6MUX21_Z_D0_PFUMX_Z_ALUT_LUT4_Z.F
Info:  0.0 26.8    Net u_ibex_top.u_ibex_core.id_stage_i.controller_i.exc_req_d_LUT4_C_Z_L6MUX21_Z_D1_L6MUX21_Z_D0_PFUMX_Z_ALUT budget 0.792000 ns (19,12) -> (19,12)
Info:                Sink u_ibex_top.u_ibex_core.id_stage_i.controller_i.exc_req_d_LUT4_C_Z_L6MUX21_Z_D1_L6MUX21_Z_D0_PFUMX_Z_BLUT_LUT4_Z.F1
Info:                Defined in:
Info:                  /usr/bin/../share/yosys/ecp5/cells_map.v:157.38-157.40
Info:  0.2 27.0  Source u_ibex_top.u_ibex_core.id_stage_i.controller_i.exc_req_d_LUT4_C_Z_L6MUX21_Z_D1_L6MUX21_Z_D0_PFUMX_Z_BLUT_LUT4_Z.OFX
Info:  0.0 27.0    Net u_ibex_top.u_ibex_core.id_stage_i.controller_i.exc_req_d_LUT4_C_Z_L6MUX21_Z_D1_L6MUX21_Z_D0 budget 0.000000 ns (19,12) -> (19,12)
Info:                Sink u_ibex_top.u_ibex_core.id_stage_i.controller_i.exc_req_d_LUT4_C_Z_L6MUX21_Z_D1_L6MUX21_Z_D1_PFUMX_Z_ALUT_LUT4_Z.FXA
Info:                Defined in:
Info:                  /usr/bin/../share/yosys/ecp5/cells_map.v:157.58-157.60
Info:  0.2 27.2  Source u_ibex_top.u_ibex_core.id_stage_i.controller_i.exc_req_d_LUT4_C_Z_L6MUX21_Z_D1_L6MUX21_Z_D1_PFUMX_Z_ALUT_LUT4_Z.OFX
Info:  0.0 27.2    Net u_ibex_top.u_ibex_core.id_stage_i.controller_i.exc_req_d_LUT4_C_Z_L6MUX21_Z_D1 budget 0.000000 ns (19,12) -> (19,12)
Info:                Sink u_ibex_top.u_ibex_core.id_stage_i.controller_i.exc_req_d_LUT4_C_Z_L6MUX21_Z_D1_L6MUX21_Z_D0_PFUMX_Z_ALUT_LUT4_Z.FXB
Info:                Defined in:
Info:                  /usr/bin/../share/yosys/ecp5/cells_map.v:157.70-157.72
Info:  0.2 27.5  Source u_ibex_top.u_ibex_core.id_stage_i.controller_i.exc_req_d_LUT4_C_Z_L6MUX21_Z_D1_L6MUX21_Z_D0_PFUMX_Z_ALUT_LUT4_Z.OFX
Info:  0.9 28.4    Net u_ibex_top.u_ibex_core.id_stage_i.controller_i.exc_req_d_LUT4_C_Z[4] budget 0.880000 ns (19,12) -> (12,12)
Info:                Sink u_ibex_top.u_ibex_core.id_stage_i.controller_i.ctrl_fsm_ns_LUT4_Z_1_B_LUT4_Z_A_LUT4_C_Z_LUT4_B_Z_PFUMX_BLUT_Z_L6MUX21_Z_D1_L6MUX21_Z_D1_PFUMX_Z_BLUT_LUT4_Z.M
Info:                Defined in:
Info:                  /usr/bin/../share/yosys/ecp5/cells_map.v:108.23-108.24
Info:  0.3 28.7  Source u_ibex_top.u_ibex_core.id_stage_i.controller_i.ctrl_fsm_ns_LUT4_Z_1_B_LUT4_Z_A_LUT4_C_Z_LUT4_B_Z_PFUMX_BLUT_Z_L6MUX21_Z_D1_L6MUX21_Z_D1_PFUMX_Z_BLUT_LUT4_Z.OFX
Info:  0.0 28.7    Net u_ibex_top.u_ibex_core.id_stage_i.controller_i.ctrl_fsm_ns_LUT4_Z_1_B_LUT4_Z_A_LUT4_C_Z_LUT4_B_Z_PFUMX_BLUT_Z_L6MUX21_Z_D1_L6MUX21_Z_D1 budget 0.000000 ns (12,12) -> (12,12)
Info:                Sink u_ibex_top.u_ibex_core.id_stage_i.controller_i.ctrl_fsm_ns_LUT4_Z_1_B_LUT4_Z_A_LUT4_C_Z_LUT4_B_Z_PFUMX_BLUT_Z_L6MUX21_Z_D1_L6MUX21_Z_D1_PFUMX_Z_ALUT_LUT4_Z.FXB
Info:                Defined in:
Info:                  /usr/bin/../share/yosys/ecp5/cells_map.v:157.62-157.64
Info:  0.2 28.9  Source u_ibex_top.u_ibex_core.id_stage_i.controller_i.ctrl_fsm_ns_LUT4_Z_1_B_LUT4_Z_A_LUT4_C_Z_LUT4_B_Z_PFUMX_BLUT_Z_L6MUX21_Z_D1_L6MUX21_Z_D1_PFUMX_Z_ALUT_LUT4_Z.OFX
Info:  0.0 28.9    Net u_ibex_top.u_ibex_core.id_stage_i.controller_i.ctrl_fsm_ns_LUT4_Z_1_B_LUT4_Z_A_LUT4_C_Z_LUT4_B_Z_PFUMX_BLUT_Z_L6MUX21_Z_D1 budget 0.000000 ns (12,12) -> (12,12)
Info:                Sink u_ibex_top.u_ibex_core.id_stage_i.controller_i.ctrl_fsm_ns_LUT4_Z_1_B_LUT4_Z_A_LUT4_C_Z_LUT4_B_Z_PFUMX_BLUT_Z_L6MUX21_Z_D1_L6MUX21_Z_D0_PFUMX_Z_ALUT_LUT4_Z.FXB
Info:                Defined in:
Info:                  /usr/bin/../share/yosys/ecp5/cells_map.v:157.70-157.72
Info:  0.2 29.2  Source u_ibex_top.u_ibex_core.id_stage_i.controller_i.ctrl_fsm_ns_LUT4_Z_1_B_LUT4_Z_A_LUT4_C_Z_LUT4_B_Z_PFUMX_BLUT_Z_L6MUX21_Z_D1_L6MUX21_Z_D0_PFUMX_Z_ALUT_LUT4_Z.OFX
Info:  1.0 30.2    Net u_ibex_top.u_ibex_core.id_stage_i.branch_jump_set_done_d_LUT4_Z_C[0] budget 1.900000 ns (12,12) -> (12,5)
Info:                Sink u_ibex_top.u_ibex_core.id_stage_i.controller_i.ctrl_fsm_ns_LUT4_Z_1_B_LUT4_Z_A_LUT4_C_Z_LUT4_B_Z_PFUMX_BLUT_Z_PFUMX_C0_BLUT_LUT4_Z.M
Info:                Defined in:
Info:                  /usr/bin/../share/yosys/ecp5/cells_map.v:108.23-108.24
Info:  0.3 30.4  Source u_ibex_top.u_ibex_core.id_stage_i.controller_i.ctrl_fsm_ns_LUT4_Z_1_B_LUT4_Z_A_LUT4_C_Z_LUT4_B_Z_PFUMX_BLUT_Z_PFUMX_C0_BLUT_LUT4_Z.OFX
Info:  0.0 30.4    Net u_ibex_top.u_ibex_core.id_stage_i.controller_i.ctrl_fsm_ns_LUT4_Z_1_B_LUT4_Z_A_LUT4_C_Z_LUT4_B_Z_PFUMX_BLUT_Z_PFUMX_C0_Z budget 0.000000 ns (12,5) -> (12,5)
Info:                Sink u_ibex_top.u_ibex_core.id_stage_i.controller_i.ctrl_fsm_ns_LUT4_Z_1_B_LUT4_Z_A_LUT4_C_Z_LUT4_B_Z_PFUMX_BLUT_Z_PFUMX_C0_ALUT_LUT4_Z.FXB
Info:                Defined in:
Info:                  /usr/bin/../share/yosys/ecp5/cells_map.v:157.62-157.64
Info:  0.2 30.7  Source u_ibex_top.u_ibex_core.id_stage_i.controller_i.ctrl_fsm_ns_LUT4_Z_1_B_LUT4_Z_A_LUT4_C_Z_LUT4_B_Z_PFUMX_BLUT_Z_PFUMX_C0_ALUT_LUT4_Z.OFX
Info:  0.0 30.7    Net u_ibex_top.u_ibex_core.id_stage_i.controller_i.ctrl_fsm_ns_LUT4_Z_1_B_LUT4_Z_A_LUT4_C_Z_LUT4_B_Z_PFUMX_BLUT_Z_L6MUX21_SD_D1 budget 0.000000 ns (12,5) -> (12,5)
Info:                Sink u_ibex_top.u_ibex_core.id_stage_i.controller_i.ctrl_fsm_ns_LUT4_Z_1_B_LUT4_Z_A_LUT4_C_Z_LUT4_B_Z_PFUMX_BLUT_Z_PFUMX_C0_1_ALUT_LUT4_Z.FXB
Info:                Defined in:
Info:                  /usr/bin/../share/yosys/ecp5/cells_map.v:157.70-157.72
Info:  0.2 30.9  Source u_ibex_top.u_ibex_core.id_stage_i.controller_i.ctrl_fsm_ns_LUT4_Z_1_B_LUT4_Z_A_LUT4_C_Z_LUT4_B_Z_PFUMX_BLUT_Z_PFUMX_C0_1_ALUT_LUT4_Z.OFX
Info:  0.7 31.6    Net u_ibex_top.u_ibex_core.id_stage_i.controller_i.ctrl_fsm_ns_LUT4_Z_1_B_LUT4_Z_A_LUT4_C_Z_LUT4_B_Z_PFUMX_BLUT_Z_LUT4_C_Z[4] budget 1.140000 ns (12,5) -> (12,4)
Info:                Sink u_ibex_top.u_ibex_core.if_stage_i.gen_prefetch_buffer.prefetch_buffer_i.rdata_outstanding_q_LUT4_D_Z_L6MUX21_Z_D1_L6MUX21_Z_D1_PFUMX_Z_BLUT_LUT4_Z.M
Info:                Defined in:
Info:                  /usr/bin/../share/yosys/ecp5/cells_map.v:108.23-108.24
Info:  0.3 31.9  Source u_ibex_top.u_ibex_core.if_stage_i.gen_prefetch_buffer.prefetch_buffer_i.rdata_outstanding_q_LUT4_D_Z_L6MUX21_Z_D1_L6MUX21_Z_D1_PFUMX_Z_BLUT_LUT4_Z.OFX
Info:  0.0 31.9    Net u_ibex_top.u_ibex_core.if_stage_i.gen_prefetch_buffer.prefetch_buffer_i.rdata_outstanding_q_LUT4_D_Z_L6MUX21_Z_D1_L6MUX21_Z_D1 budget 0.000000 ns (12,4) -> (12,4)
Info:                Sink u_ibex_top.u_ibex_core.if_stage_i.gen_prefetch_buffer.prefetch_buffer_i.rdata_outstanding_q_LUT4_D_Z_L6MUX21_Z_D1_L6MUX21_Z_D1_PFUMX_Z_ALUT_LUT4_Z.FXB
Info:                Defined in:
Info:                  /usr/bin/../share/yosys/ecp5/cells_map.v:157.62-157.64
Info:  0.2 32.1  Source u_ibex_top.u_ibex_core.if_stage_i.gen_prefetch_buffer.prefetch_buffer_i.rdata_outstanding_q_LUT4_D_Z_L6MUX21_Z_D1_L6MUX21_Z_D1_PFUMX_Z_ALUT_LUT4_Z.OFX
Info:  0.0 32.1    Net u_ibex_top.u_ibex_core.if_stage_i.gen_prefetch_buffer.prefetch_buffer_i.rdata_outstanding_q_LUT4_D_Z_L6MUX21_Z_D1 budget 0.000000 ns (12,4) -> (12,4)
Info:                Sink u_ibex_top.u_ibex_core.if_stage_i.gen_prefetch_buffer.prefetch_buffer_i.rdata_outstanding_q_LUT4_D_Z_L6MUX21_Z_D1_L6MUX21_Z_D0_PFUMX_Z_ALUT_LUT4_Z.FXB
Info:                Defined in:
Info:                  /usr/bin/../share/yosys/ecp5/cells_map.v:157.70-157.72
Info:  0.2 32.3  Source u_ibex_top.u_ibex_core.if_stage_i.gen_prefetch_buffer.prefetch_buffer_i.rdata_outstanding_q_LUT4_D_Z_L6MUX21_Z_D1_L6MUX21_Z_D0_PFUMX_Z_ALUT_LUT4_Z.OFX
Info:  1.3 33.6    Net u_ibex_top.core_busy_q_LUT4_C_Z_L6MUX21_Z_SD[0] budget 1.254000 ns (12,4) -> (20,2)
Info:                Sink u_ibex_top.core_busy_q_LUT4_C_Z_L6MUX21_Z_D1_PFUMX_Z_BLUT_LUT4_Z.A
Info:                Defined in:
Info:                  /usr/bin/../share/yosys/ecp5/cells_map.v:108.23-108.24
Info:  0.4 34.0  Source u_ibex_top.core_busy_q_LUT4_C_Z_L6MUX21_Z_D1_PFUMX_Z_BLUT_LUT4_Z.OFX
Info:  0.0 34.0    Net u_ibex_top.core_busy_q_LUT4_C_Z_L6MUX21_Z_D1 budget 0.000000 ns (20,2) -> (20,2)
Info:                Sink u_ibex_top.core_busy_q_LUT4_C_Z_L6MUX21_Z_D1_PFUMX_Z_ALUT_LUT4_Z.FXB
Info:                Defined in:
Info:                  /usr/bin/../share/yosys/ecp5/cells_map.v:141.38-141.40
Info:  0.2 34.3  Source u_ibex_top.core_busy_q_LUT4_C_Z_L6MUX21_Z_D1_PFUMX_Z_ALUT_LUT4_Z.OFX
Info:  2.0 36.3    Net u_ibex_top.core_busy_q_LUT4_C_Z[0] budget 1.189000 ns (20,2) -> (22,9)
Info:                Sink activity_o_L6MUX21_Z_D0_L6MUX21_Z_D1_PFUMX_Z_BLUT_LUT4_Z.A
Info:                Defined in:
Info:                  /usr/bin/../share/yosys/ecp5/cells_map.v:108.23-108.24
Info:  0.4 36.7  Source activity_o_L6MUX21_Z_D0_L6MUX21_Z_D1_PFUMX_Z_BLUT_LUT4_Z.OFX
Info:  0.0 36.7    Net activity_o_L6MUX21_Z_D0_L6MUX21_Z_D1 budget 0.000000 ns (22,9) -> (22,9)
Info:                Sink activity_o_L6MUX21_Z_D0_L6MUX21_Z_D1_PFUMX_Z_ALUT_LUT4_Z.FXB
Info:                Defined in:
Info:                  /usr/bin/../share/yosys/ecp5/cells_map.v:157.54-157.56
Info:  0.2 37.0  Source activity_o_L6MUX21_Z_D0_L6MUX21_Z_D1_PFUMX_Z_ALUT_LUT4_Z.OFX
Info:  0.0 37.0    Net activity_o_L6MUX21_Z_D0 budget 0.000000 ns (22,9) -> (22,9)
Info:                Sink activity_o_L6MUX21_Z_D1_L6MUX21_Z_D0_PFUMX_Z_ALUT_LUT4_Z.FXA
Info:                Defined in:
Info:                  /usr/bin/../share/yosys/ecp5/cells_map.v:157.66-157.68
Info:  0.2 37.2  Source activity_o_L6MUX21_Z_D1_L6MUX21_Z_D0_PFUMX_Z_ALUT_LUT4_Z.OFX
Info:  1.3 38.4    Net activity_o$TRELLIS_IO_OUT budget 1.189000 ns (22,9) -> (22,0)
Info:                Sink activity_o$tr_io.I
Info:                Defined in:
Info:                  /workspace/integrations/ibex/synth/ibex_fpga_top.v:6.15-6.25
Info: 10.7 ns logic, 27.7 ns routing

Info: Max frequency for clock '$glbnet$clk_i$TRELLIS_IO_IN': 25.32 MHz (PASS at 25.00 MHz)

Info: Max delay <async>                             -> posedge $glbnet$clk_i$TRELLIS_IO_IN: 9.48 ns
Info: Max delay posedge $glbnet$clk_i$TRELLIS_IO_IN -> <async>                            : 38.45 ns

Info: Slack histogram:
Info:  legend: * represents 20 endpoint(s)
Info:          + represents [1,20) endpoint(s)
Info: [   505,   2433) |+
Info: [  2433,   4361) |******+
Info: [  4361,   6289) |*******************************+
Info: [  6289,   8217) |****+
Info: [  8217,  10145) |**+
Info: [ 10145,  12073) |***+
Info: [ 12073,  14001) |**+
Info: [ 14001,  15929) |*+
Info: [ 15929,  17857) |*+
Info: [ 17857,  19785) |+
Info: [ 19785,  21713) |*****+
Info: [ 21713,  23641) |**********+
Info: [ 23641,  25569) |*********+
Info: [ 25569,  27497) |****+
Info: [ 27497,  29425) |*****************************+
Info: [ 29425,  31353) |********************************************************+
Info: [ 31353,  33281) |************************************************************ 
Info: [ 33281,  35209) |**********************************************+
Info: [ 35209,  37137) |*****+
Info: [ 37137,  39065) |***********+

Info: Program finished normally.
