Program header number 0 in `/workspace/build/ibex-final/build/arch-tests/arch-I-addi-01.elf' is not of type PT_LOAD; ignoring.
Simulation of Ibex
==================

Tracing can be toggled by sending SIGUSR1 to this process:
$ kill -USR1 6
TOP.ibex_simple_system.u_top.u_ibex_tracer: Instruction trace disabled.

Simulation running, end by pressing CTRL-c.
PIPESENSE_REQUEST from=0 to=1 branches=13 retired=63
Terminating simulation by software request.
- src/lowrisc_ibex_sim_shared_0/rtl/sim/simulator_ctrl.sv:93: Verilog $finish
Received $finish() from Verilog, shutting down simulation.
PIPESENSE_STATS policy=2 mode=1 transitions=1 drain_cycles=7 branches=2257 fetch_waits=36054 window_branches=10 window_retired=54

Simulation statistics
=====================
Executed cycles:  47384
Wallclock time:   1.155 s
Simulation speed: 41025.1 cycles/s (41.0251 kHz)

Performance Counters
====================
Cycles:               47380
Instructions Retired: 11322
