Program header number 0 in `/workspace/build/ibex-final/examples/sw/simple_system/pipesense_fuzz/pipesense_fuzz.elf' is not of type PT_LOAD; ignoring.
Simulation of Ibex
==================

Tracing can be toggled by sending SIGUSR1 to this process:
$ kill -USR1 7
TOP.ibex_simple_system.u_top.u_ibex_tracer: Instruction trace disabled.

Simulation running, end by pressing CTRL-c.
PIPESENSE_REQUEST from=0 to=1 branches=9 retired=63
PIPESENSE_REQUEST from=1 to=0 branches=2 retired=63
PIPESENSE_REQUEST from=0 to=1 branches=8 retired=63
PIPESENSE_REQUEST from=1 to=0 branches=2 retired=63
PIPESENSE_REQUEST from=0 to=1 branches=7 retired=63
PIPESENSE_REQUEST from=1 to=0 branches=2 retired=63
PIPESENSE_REQUEST from=0 to=1 branches=7 retired=63
PIPESENSE_REQUEST from=1 to=0 branches=2 retired=63
PIPESENSE_REQUEST from=0 to=1 branches=8 retired=63
PIPESENSE_REQUEST from=1 to=0 branches=2 retired=63
PIPESENSE_REQUEST from=0 to=1 branches=6 retired=63
PIPESENSE_REQUEST from=1 to=0 branches=2 retired=63
PIPESENSE_REQUEST from=0 to=1 branches=9 retired=63
PIPESENSE_REQUEST from=1 to=0 branches=2 retired=63
PIPESENSE_REQUEST from=0 to=1 branches=9 retired=63
PIPESENSE_REQUEST from=1 to=0 branches=2 retired=63
PIPESENSE_REQUEST from=0 to=1 branches=9 retired=63
PIPESENSE_REQUEST from=1 to=0 branches=2 retired=63
PIPESENSE_REQUEST from=0 to=1 branches=9 retired=63
PIPESENSE_REQUEST from=1 to=0 branches=2 retired=63
PIPESENSE_REQUEST from=0 to=1 branches=9 retired=63
PIPESENSE_REQUEST from=1 to=0 branches=2 retired=63
PIPESENSE_REQUEST from=0 to=1 branches=9 retired=63
PIPESENSE_REQUEST from=1 to=0 branches=2 retired=63
PIPESENSE_REQUEST from=0 to=1 branches=9 retired=63
PIPESENSE_REQUEST from=1 to=0 branches=2 retired=63
PIPESENSE_REQUEST from=0 to=1 branches=8 retired=63
PIPESENSE_REQUEST from=1 to=0 branches=2 retired=63
PIPESENSE_REQUEST from=0 to=1 branches=8 retired=63
PIPESENSE_REQUEST from=1 to=0 branches=2 retired=63
PIPESENSE_REQUEST from=0 to=1 branches=9 retired=63
PIPESENSE_REQUEST from=1 to=0 branches=2 retired=63
PIPESENSE_REQUEST from=0 to=1 branches=6 retired=63
PIPESENSE_REQUEST from=1 to=0 branches=2 retired=63
PIPESENSE_REQUEST from=0 to=1 branches=8 retired=63
PIPESENSE_REQUEST from=1 to=0 branches=2 retired=63
PIPESENSE_REQUEST from=0 to=1 branches=7 retired=63
PIPESENSE_REQUEST from=1 to=0 branches=2 retired=63
PIPESENSE_REQUEST from=0 to=1 branches=9 retired=63
PIPESENSE_REQUEST from=1 to=0 branches=2 retired=63
PIPESENSE_REQUEST from=0 to=1 branches=9 retired=63
PIPESENSE_REQUEST from=1 to=0 branches=2 retired=63
PIPESENSE_REQUEST from=0 to=1 branches=9 retired=63
PIPESENSE_REQUEST from=1 to=0 branches=2 retired=63
PIPESENSE_REQUEST from=0 to=1 branches=6 retired=63
PIPESENSE_REQUEST from=1 to=0 branches=2 retired=63
PIPESENSE_REQUEST from=0 to=1 branches=9 retired=63
PIPESENSE_REQUEST from=1 to=0 branches=2 retired=63
PIPESENSE_REQUEST from=0 to=1 branches=9 retired=63
PIPESENSE_REQUEST from=1 to=0 branches=2 retired=63
PIPESENSE_REQUEST from=0 to=1 branches=6 retired=63
PIPESENSE_REQUEST from=1 to=0 branches=2 retired=63
PIPESENSE_REQUEST from=0 to=1 branches=9 retired=63
PIPESENSE_REQUEST from=1 to=0 branches=2 retired=63
PIPESENSE_REQUEST from=0 to=1 branches=9 retired=63
PIPESENSE_REQUEST from=1 to=0 branches=2 retired=63
PIPESENSE_REQUEST from=0 to=1 branches=6 retired=63
PIPESENSE_REQUEST from=1 to=0 branches=2 retired=63
PIPESENSE_REQUEST from=0 to=1 branches=9 retired=63
PIPESENSE_REQUEST from=1 to=0 branches=2 retired=63
PIPESENSE_REQUEST from=0 to=1 branches=8 retired=63
PIPESENSE_REQUEST from=1 to=0 branches=2 retired=63
PIPESENSE_REQUEST from=0 to=1 branches=7 retired=63
PIPESENSE_REQUEST from=1 to=0 branches=2 retired=63
PIPESENSE_REQUEST from=0 to=1 branches=7 retired=63
PIPESENSE_REQUEST from=1 to=0 branches=2 retired=63
PIPESENSE_REQUEST from=0 to=1 branches=7 retired=63
PIPESENSE_REQUEST from=1 to=0 branches=2 retired=63
PIPESENSE_REQUEST from=0 to=1 branches=9 retired=63
PIPESENSE_REQUEST from=1 to=0 branches=2 retired=63
PIPESENSE_REQUEST from=0 to=1 branches=7 retired=63
PIPESENSE_REQUEST from=1 to=0 branches=2 retired=63
PIPESENSE_REQUEST from=0 to=1 branches=9 retired=63
PIPESENSE_REQUEST from=1 to=0 branches=2 retired=63
PIPESENSE_REQUEST from=0 to=1 branches=8 retired=63
PIPESENSE_REQUEST from=1 to=0 branches=2 retired=63
PIPESENSE_REQUEST from=0 to=1 branches=7 retired=63
PIPESENSE_REQUEST from=1 to=0 branches=2 retired=63
PIPESENSE_REQUEST from=0 to=1 branches=9 retired=63
PIPESENSE_REQUEST from=1 to=0 branches=2 retired=63
PIPESENSE_REQUEST from=0 to=1 branches=8 retired=63
PIPESENSE_REQUEST from=1 to=0 branches=2 retired=63
PIPESENSE_REQUEST from=0 to=1 branches=7 retired=63
PIPESENSE_REQUEST from=1 to=0 branches=2 retired=63
PIPESENSE_REQUEST from=0 to=1 branches=9 retired=63
PIPESENSE_REQUEST from=1 to=0 branches=2 retired=63
PIPESENSE_REQUEST from=0 to=1 branches=9 retired=63
PIPESENSE_REQUEST from=1 to=0 branches=2 retired=63
PIPESENSE_REQUEST from=0 to=1 branches=6 retired=63
PIPESENSE_REQUEST from=1 to=0 branches=2 retired=63
PIPESENSE_REQUEST from=0 to=1 branches=7 retired=63
PIPESENSE_REQUEST from=1 to=0 branches=2 retired=63
PIPESENSE_REQUEST from=0 to=1 branches=9 retired=63
PIPESENSE_REQUEST from=1 to=0 branches=2 retired=63
PIPESENSE_REQUEST from=0 to=1 branches=9 retired=63
PIPESENSE_REQUEST from=1 to=0 branches=2 retired=63
PIPESENSE_REQUEST from=0 to=1 branches=9 retired=63
PIPESENSE_REQUEST from=1 to=0 branches=2 retired=63
PIPESENSE_REQUEST from=0 to=1 branches=9 retired=63
PIPESENSE_REQUEST from=1 to=0 branches=2 retired=63
PIPESENSE_REQUEST from=0 to=1 branches=7 retired=63
PIPESENSE_REQUEST from=1 to=0 branches=2 retired=63
PIPESENSE_REQUEST from=0 to=1 branches=9 retired=63
PIPESENSE_REQUEST from=1 to=0 branches=2 retired=63
PIPESENSE_REQUEST from=0 to=1 branches=7 retired=63
PIPESENSE_REQUEST from=1 to=0 branches=2 retired=63
PIPESENSE_REQUEST from=0 to=1 branches=6 retired=63
PIPESENSE_REQUEST from=1 to=0 branches=2 retired=63
PIPESENSE_REQUEST from=0 to=1 branches=9 retired=63
PIPESENSE_REQUEST from=1 to=0 branches=2 retired=63
PIPESENSE_REQUEST from=0 to=1 branches=6 retired=63
PIPESENSE_REQUEST from=1 to=0 branches=2 retired=63
PIPESENSE_REQUEST from=0 to=1 branches=9 retired=63
PIPESENSE_REQUEST from=1 to=0 branches=2 retired=63
PIPESENSE_REQUEST from=0 to=1 branches=6 retired=63
PIPESENSE_REQUEST from=1 to=0 branches=2 retired=63
PIPESENSE_REQUEST from=0 to=1 branches=8 retired=63
PIPESENSE_REQUEST from=1 to=0 branches=2 retired=63
PIPESENSE_REQUEST from=0 to=1 branches=9 retired=63
PIPESENSE_REQUEST from=1 to=0 branches=2 retired=63
PIPESENSE_REQUEST from=0 to=1 branches=6 retired=63
PIPESENSE_REQUEST from=1 to=0 branches=2 retired=63
PIPESENSE_REQUEST from=0 to=1 branches=9 retired=63
PIPESENSE_REQUEST from=1 to=0 branches=2 retired=63
PIPESENSE_REQUEST from=0 to=1 branches=6 retired=63
PIPESENSE_REQUEST from=1 to=0 branches=2 retired=63
PIPESENSE_REQUEST from=0 to=1 branches=7 retired=63
PIPESENSE_REQUEST from=1 to=0 branches=2 retired=63
PIPESENSE_REQUEST from=0 to=1 branches=9 retired=63
PIPESENSE_REQUEST from=1 to=0 branches=2 retired=63
PIPESENSE_REQUEST from=0 to=1 branches=7 retired=63
PIPESENSE_REQUEST from=1 to=0 branches=2 retired=63
PIPESENSE_REQUEST from=0 to=1 branches=9 retired=63
PIPESENSE_REQUEST from=1 to=0 branches=2 retired=63
PIPESENSE_REQUEST from=0 to=1 branches=9 retired=63
PIPESENSE_REQUEST from=1 to=0 branches=2 retired=63
PIPESENSE_REQUEST from=0 to=1 branches=6 retired=63
PIPESENSE_REQUEST from=1 to=0 branches=2 retired=63
PIPESENSE_REQUEST from=0 to=1 branches=8 retired=63
PIPESENSE_REQUEST from=1 to=0 branches=2 retired=63
PIPESENSE_REQUEST from=0 to=1 branches=9 retired=63
PIPESENSE_REQUEST from=1 to=0 branches=2 retired=63
PIPESENSE_REQUEST from=0 to=1 branches=9 retired=63
PIPESENSE_REQUEST from=1 to=0 branches=2 retired=63
PIPESENSE_REQUEST from=0 to=1 branches=7 retired=63
PIPESENSE_REQUEST from=1 to=0 branches=2 retired=63
PIPESENSE_REQUEST from=0 to=1 branches=9 retired=63
PIPESENSE_REQUEST from=1 to=0 branches=2 retired=63
PIPESENSE_REQUEST from=0 to=1 branches=9 retired=63
PIPESENSE_REQUEST from=1 to=0 branches=2 retired=63
PIPESENSE_REQUEST from=0 to=1 branches=6 retired=63
PIPESENSE_REQUEST from=1 to=0 branches=2 retired=63
PIPESENSE_REQUEST from=0 to=1 branches=6 retired=63
PIPESENSE_REQUEST from=1 to=0 branches=2 retired=63
PIPESENSE_REQUEST from=0 to=1 branches=7 retired=63
PIPESENSE_REQUEST from=1 to=0 branches=2 retired=63
PIPESENSE_REQUEST from=0 to=1 branches=9 retired=63
PIPESENSE_REQUEST from=1 to=0 branches=2 retired=63
PIPESENSE_REQUEST from=0 to=1 branches=9 retired=63
PIPESENSE_REQUEST from=1 to=0 branches=2 retired=63
PIPESENSE_REQUEST from=0 to=1 branches=7 retired=63
PIPESENSE_REQUEST from=1 to=0 branches=2 retired=63
PIPESENSE_REQUEST from=0 to=1 branches=9 retired=63
PIPESENSE_REQUEST from=1 to=0 branches=2 retired=63
PIPESENSE_REQUEST from=0 to=1 branches=7 retired=63
PIPESENSE_REQUEST from=1 to=0 branches=2 retired=63
PIPESENSE_REQUEST from=0 to=1 branches=9 retired=63
PIPESENSE_REQUEST from=1 to=0 branches=2 retired=63
PIPESENSE_REQUEST from=0 to=1 branches=7 retired=63
PIPESENSE_REQUEST from=1 to=0 branches=2 retired=63
PIPESENSE_REQUEST from=0 to=1 branches=9 retired=63
PIPESENSE_REQUEST from=1 to=0 branches=2 retired=63
PIPESENSE_REQUEST from=0 to=1 branches=9 retired=63
PIPESENSE_REQUEST from=1 to=0 branches=2 retired=63
PIPESENSE_REQUEST from=0 to=1 branches=9 retired=63
PIPESENSE_REQUEST from=1 to=0 branches=2 retired=63
PIPESENSE_REQUEST from=0 to=1 branches=9 retired=63
PIPESENSE_REQUEST from=1 to=0 branches=2 retired=63
PIPESENSE_REQUEST from=0 to=1 branches=6 retired=63
PIPESENSE_REQUEST from=1 to=0 branches=2 retired=63
PIPESENSE_REQUEST from=0 to=1 branches=6 retired=63
PIPESENSE_REQUEST from=1 to=0 branches=2 retired=63
PIPESENSE_REQUEST from=0 to=1 branches=6 retired=63
PIPESENSE_REQUEST from=1 to=0 branches=2 retired=63
PIPESENSE_REQUEST from=0 to=1 branches=7 retired=63
PIPESENSE_REQUEST from=1 to=0 branches=2 retired=63
PIPESENSE_REQUEST from=0 to=1 branches=9 retired=63
PIPESENSE_REQUEST from=1 to=0 branches=2 retired=63
PIPESENSE_REQUEST from=0 to=1 branches=9 retired=63
PIPESENSE_REQUEST from=1 to=0 branches=2 retired=63
PIPESENSE_REQUEST from=0 to=1 branches=9 retired=63
PIPESENSE_REQUEST from=1 to=0 branches=2 retired=63
PIPESENSE_REQUEST from=0 to=1 branches=6 retired=63
PIPESENSE_REQUEST from=1 to=0 branches=2 retired=63
PIPESENSE_REQUEST from=0 to=1 branches=9 retired=63
PIPESENSE_REQUEST from=1 to=0 branches=2 retired=63
PIPESENSE_REQUEST from=0 to=1 branches=7 retired=63
PIPESENSE_REQUEST from=1 to=0 branches=2 retired=63
PIPESENSE_REQUEST from=0 to=1 branches=8 retired=63
PIPESENSE_REQUEST from=1 to=0 branches=2 retired=63
PIPESENSE_REQUEST from=0 to=1 branches=9 retired=63
PIPESENSE_REQUEST from=1 to=0 branches=2 retired=63
PIPESENSE_REQUEST from=0 to=1 branches=9 retired=63
PIPESENSE_REQUEST from=1 to=0 branches=2 retired=63
PIPESENSE_REQUEST from=0 to=1 branches=7 retired=63
PIPESENSE_REQUEST from=1 to=0 branches=2 retired=63
PIPESENSE_REQUEST from=0 to=1 branches=9 retired=63
PIPESENSE_REQUEST from=1 to=0 branches=2 retired=63
PIPESENSE_REQUEST from=0 to=1 branches=6 retired=63
PIPESENSE_REQUEST from=1 to=0 branches=2 retired=63
PIPESENSE_REQUEST from=0 to=1 branches=6 retired=63
PIPESENSE_REQUEST from=1 to=0 branches=2 retired=63
PIPESENSE_REQUEST from=0 to=1 branches=6 retired=63
PIPESENSE_REQUEST from=1 to=0 branches=2 retired=63
PIPESENSE_REQUEST from=0 to=1 branches=9 retired=63
PIPESENSE_REQUEST from=1 to=0 branches=2 retired=63
PIPESENSE_REQUEST from=0 to=1 branches=8 retired=63
PIPESENSE_REQUEST from=1 to=0 branches=2 retired=63
PIPESENSE_REQUEST from=0 to=1 branches=9 retired=63
PIPESENSE_REQUEST from=1 to=0 branches=2 retired=63
PIPESENSE_REQUEST from=0 to=1 branches=9 retired=63
PIPESENSE_REQUEST from=1 to=0 branches=2 retired=63
PIPESENSE_REQUEST from=0 to=1 branches=9 retired=63
PIPESENSE_REQUEST from=1 to=0 branches=2 retired=63
PIPESENSE_REQUEST from=0 to=1 branches=9 retired=63
PIPESENSE_REQUEST from=1 to=0 branches=2 retired=63
PIPESENSE_REQUEST from=0 to=1 branches=6 retired=63
PIPESENSE_REQUEST from=1 to=0 branches=2 retired=63
PIPESENSE_REQUEST from=0 to=1 branches=9 retired=63
PIPESENSE_REQUEST from=1 to=0 branches=2 retired=63
PIPESENSE_REQUEST from=0 to=1 branches=6 retired=63
PIPESENSE_REQUEST from=1 to=0 branches=2 retired=63
PIPESENSE_REQUEST from=0 to=1 branches=9 retired=63
PIPESENSE_REQUEST from=1 to=0 branches=2 retired=63
PIPESENSE_REQUEST from=0 to=1 branches=6 retired=63
PIPESENSE_REQUEST from=1 to=0 branches=2 retired=63
PIPESENSE_REQUEST from=0 to=1 branches=7 retired=63
PIPESENSE_REQUEST from=1 to=0 branches=2 retired=63
PIPESENSE_REQUEST from=0 to=1 branches=6 retired=63
PIPESENSE_REQUEST from=1 to=0 branches=2 retired=63
PIPESENSE_REQUEST from=0 to=1 branches=6 retired=63
PIPESENSE_REQUEST from=1 to=0 branches=2 retired=63
PIPESENSE_REQUEST from=0 to=1 branches=9 retired=63
PIPESENSE_REQUEST from=1 to=0 branches=2 retired=63
PIPESENSE_REQUEST from=0 to=1 branches=9 retired=63
PIPESENSE_REQUEST from=1 to=0 branches=2 retired=63
PIPESENSE_REQUEST from=0 to=1 branches=6 retired=63
PIPESENSE_REQUEST from=1 to=0 branches=2 retired=63
PIPESENSE_REQUEST from=0 to=1 branches=6 retired=63
PIPESENSE_REQUEST from=1 to=0 branches=2 retired=63
PIPESENSE_REQUEST from=0 to=1 branches=9 retired=63
PIPESENSE_REQUEST from=1 to=0 branches=2 retired=63
PIPESENSE_REQUEST from=0 to=1 branches=9 retired=63
PIPESENSE_REQUEST from=1 to=0 branches=2 retired=63
PIPESENSE_REQUEST from=0 to=1 branches=9 retired=63
PIPESENSE_REQUEST from=1 to=0 branches=2 retired=63
PIPESENSE_REQUEST from=0 to=1 branches=9 retired=63
PIPESENSE_REQUEST from=1 to=0 branches=2 retired=63
PIPESENSE_REQUEST from=0 to=1 branches=8 retired=63
PIPESENSE_REQUEST from=1 to=0 branches=2 retired=63
PIPESENSE_REQUEST from=0 to=1 branches=6 retired=63
PIPESENSE_REQUEST from=1 to=0 branches=2 retired=63
PIPESENSE_REQUEST from=0 to=1 branches=9 retired=63
PIPESENSE_REQUEST from=1 to=0 branches=2 retired=63
PIPESENSE_REQUEST from=0 to=1 branches=9 retired=63
PIPESENSE_REQUEST from=1 to=0 branches=2 retired=63
PIPESENSE_REQUEST from=0 to=1 branches=6 retired=63
PIPESENSE_REQUEST from=1 to=0 branches=2 retired=63
PIPESENSE_REQUEST from=0 to=1 branches=9 retired=63
PIPESENSE_REQUEST from=1 to=0 branches=2 retired=63
PIPESENSE_REQUEST from=0 to=1 branches=9 retired=63
PIPESENSE_REQUEST from=1 to=0 branches=2 retired=63
PIPESENSE_REQUEST from=0 to=1 branches=9 retired=63
PIPESENSE_REQUEST from=1 to=0 branches=2 retired=63
PIPESENSE_REQUEST from=0 to=1 branches=9 retired=63
PIPESENSE_REQUEST from=1 to=0 branches=2 retired=63
PIPESENSE_REQUEST from=0 to=1 branches=8 retired=63
PIPESENSE_REQUEST from=1 to=0 branches=2 retired=63
PIPESENSE_REQUEST from=0 to=1 branches=6 retired=63
PIPESENSE_REQUEST from=1 to=0 branches=2 retired=63
PIPESENSE_REQUEST from=0 to=1 branches=7 retired=63
PIPESENSE_REQUEST from=1 to=0 branches=2 retired=63
PIPESENSE_REQUEST from=0 to=1 branches=6 retired=63
PIPESENSE_REQUEST from=1 to=0 branches=2 retired=63
PIPESENSE_REQUEST from=0 to=1 branches=9 retired=63
PIPESENSE_REQUEST from=1 to=0 branches=2 retired=63
PIPESENSE_REQUEST from=0 to=1 branches=8 retired=63
PIPESENSE_REQUEST from=1 to=0 branches=2 retired=63
PIPESENSE_REQUEST from=0 to=1 branches=8 retired=63
PIPESENSE_REQUEST from=1 to=0 branches=2 retired=63
PIPESENSE_REQUEST from=0 to=1 branches=7 retired=63
PIPESENSE_REQUEST from=1 to=0 branches=2 retired=63
PIPESENSE_REQUEST from=0 to=1 branches=7 retired=63
PIPESENSE_REQUEST from=1 to=0 branches=2 retired=63
PIPESENSE_REQUEST from=0 to=1 branches=8 retired=63
PIPESENSE_REQUEST from=1 to=0 branches=2 retired=63
PIPESENSE_REQUEST from=0 to=1 branches=9 retired=63
PIPESENSE_REQUEST from=1 to=0 branches=2 retired=63
PIPESENSE_REQUEST from=0 to=1 branches=8 retired=63
PIPESENSE_REQUEST from=1 to=0 branches=2 retired=63
PIPESENSE_REQUEST from=0 to=1 branches=9 retired=63
PIPESENSE_REQUEST from=1 to=0 branches=2 retired=63
PIPESENSE_REQUEST from=0 to=1 branches=9 retired=63
PIPESENSE_REQUEST from=1 to=0 branches=2 retired=63
PIPESENSE_REQUEST from=0 to=1 branches=9 retired=63
PIPESENSE_REQUEST from=1 to=0 branches=2 retired=63
PIPESENSE_REQUEST from=0 to=1 branches=9 retired=63
PIPESENSE_REQUEST from=1 to=0 branches=2 retired=63
PIPESENSE_REQUEST from=0 to=1 branches=9 retired=63
PIPESENSE_REQUEST from=1 to=0 branches=2 retired=63
PIPESENSE_REQUEST from=0 to=1 branches=8 retired=63
PIPESENSE_REQUEST from=1 to=0 branches=2 retired=63
PIPESENSE_REQUEST from=0 to=1 branches=9 retired=63
PIPESENSE_REQUEST from=1 to=0 branches=2 retired=63
PIPESENSE_REQUEST from=0 to=1 branches=9 retired=63
PIPESENSE_REQUEST from=1 to=0 branches=2 retired=63
PIPESENSE_REQUEST from=0 to=1 branches=9 retired=63
PIPESENSE_REQUEST from=1 to=0 branches=2 retired=63
PIPESENSE_REQUEST from=0 to=1 branches=7 retired=63
PIPESENSE_REQUEST from=1 to=0 branches=2 retired=63
PIPESENSE_REQUEST from=0 to=1 branches=9 retired=63
PIPESENSE_REQUEST from=1 to=0 branches=2 retired=63
PIPESENSE_REQUEST from=0 to=1 branches=8 retired=63
PIPESENSE_REQUEST from=1 to=0 branches=2 retired=63
PIPESENSE_REQUEST from=0 to=1 branches=6 retired=63
PIPESENSE_REQUEST from=1 to=0 branches=2 retired=63
PIPESENSE_REQUEST from=0 to=1 branches=9 retired=63
PIPESENSE_REQUEST from=1 to=0 branches=2 retired=63
PIPESENSE_REQUEST from=0 to=1 branches=9 retired=63
PIPESENSE_REQUEST from=1 to=0 branches=2 retired=63
PIPESENSE_REQUEST from=0 to=1 branches=6 retired=63
PIPESENSE_REQUEST from=1 to=0 branches=2 retired=63
PIPESENSE_REQUEST from=0 to=1 branches=6 retired=63
PIPESENSE_REQUEST from=1 to=0 branches=2 retired=63
PIPESENSE_REQUEST from=0 to=1 branches=9 retired=63
PIPESENSE_REQUEST from=1 to=0 branches=2 retired=63
PIPESENSE_REQUEST from=0 to=1 branches=7 retired=63
PIPESENSE_REQUEST from=1 to=0 branches=2 retired=63
PIPESENSE_REQUEST from=0 to=1 branches=6 retired=63
PIPESENSE_REQUEST from=1 to=0 branches=2 retired=63
PIPESENSE_REQUEST from=0 to=1 branches=7 retired=63
PIPESENSE_REQUEST from=1 to=0 branches=2 retired=63
PIPESENSE_REQUEST from=0 to=1 branches=9 retired=63
PIPESENSE_REQUEST from=1 to=0 branches=2 retired=63
PIPESENSE_REQUEST from=0 to=1 branches=6 retired=63
PIPESENSE_REQUEST from=1 to=0 branches=2 retired=63
PIPESENSE_REQUEST from=0 to=1 branches=8 retired=63
PIPESENSE_REQUEST from=1 to=0 branches=2 retired=63
PIPESENSE_REQUEST from=0 to=1 branches=7 retired=63
PIPESENSE_REQUEST from=1 to=0 branches=2 retired=63
PIPESENSE_REQUEST from=0 to=1 branches=8 retired=63
PIPESENSE_REQUEST from=1 to=0 branches=2 retired=63
PIPESENSE_REQUEST from=0 to=1 branches=6 retired=63
PIPESENSE_REQUEST from=1 to=0 branches=2 retired=63
PIPESENSE_REQUEST from=0 to=1 branches=6 retired=63
PIPESENSE_REQUEST from=1 to=0 branches=2 retired=63
PIPESENSE_REQUEST from=0 to=1 branches=7 retired=63
PIPESENSE_REQUEST from=1 to=0 branches=2 retired=63
PIPESENSE_REQUEST from=0 to=1 branches=7 retired=63
PIPESENSE_REQUEST from=1 to=0 branches=2 retired=63
PIPESENSE_REQUEST from=0 to=1 branches=9 retired=63
PIPESENSE_REQUEST from=1 to=0 branches=2 retired=63
PIPESENSE_REQUEST from=0 to=1 branches=9 retired=63
PIPESENSE_REQUEST from=1 to=0 branches=2 retired=63
PIPESENSE_REQUEST from=0 to=1 branches=8 retired=63
PIPESENSE_REQUEST from=1 to=0 branches=2 retired=63
PIPESENSE_REQUEST from=0 to=1 branches=6 retired=63
PIPESENSE_REQUEST from=1 to=0 branches=2 retired=63
PIPESENSE_REQUEST from=0 to=1 branches=9 retired=63
PIPESENSE_REQUEST from=1 to=0 branches=2 retired=63
PIPESENSE_REQUEST from=0 to=1 branches=9 retired=63
PIPESENSE_REQUEST from=1 to=0 branches=2 retired=63
PIPESENSE_REQUEST from=0 to=1 branches=6 retired=63
PIPESENSE_REQUEST from=1 to=0 branches=2 retired=63
PIPESENSE_REQUEST from=0 to=1 branches=9 retired=63
Terminating simulation by software request.
- src/lowrisc_ibex_sim_shared_0/rtl/sim/simulator_ctrl.sv:93: Verilog $finish
Received $finish() from Verilog, shutting down simulation.
PIPESENSE_STATS policy=2 mode=1 transitions=375 drain_cycles=1904 branches=144794 fetch_waits=5710466 window_branches=0 window_retired=4

Simulation statistics
=====================
Executed cycles:  9292636
Wallclock time:   13.09 s
Simulation speed: 709903 cycles/s (709.903 kHz)

Performance Counters
====================
Cycles:               9291071
Instructions Retired: 2272611
